{"C:\\Users\\diego\\Desktop\\CUARTO INFORMATICA\\TFG\\ecos-do-sur-app\\frontend\\app\\_layout.tsx": {"path":"C:\\Users\\diego\\Desktop\\CUARTO INFORMATICA\\TFG\\ecos-do-sur-app\\frontend\\app\\_layout.tsx","statementMap":{"0":{"start":{"line":22,"column":0},"end":{"line":22,"column":36}},"1":{"start":{"line":24,"column":33},"end":{"line":27,"column":1}},"2":{"start":{"line":30,"column":23},"end":{"line":30,"column":32}},"3":{"start":{"line":32,"column":2},"end":{"line":38,"column":3}},"4":{"start":{"line":33,"column":4},"end":{"line":37,"column":6}},"5":{"start":{"line":40,"column":2},"end":{"line":78,"column":4}},"6":{"start":{"line":49,"column":10},"end":{"line":55,"column":29}},"7":{"start":{"line":51,"column":12},"end":{"line":51,"column":26}},"8":{"start":{"line":65,"column":12},"end":{"line":71,"column":31}},"9":{"start":{"line":67,"column":14},"end":{"line":67,"column":28}},"10":{"start":{"line":82,"column":22},"end":{"line":82,"column":38}},"11":{"start":{"line":83,"column":24},"end":{"line":92,"column":4}},"12":{"start":{"line":94,"column":2},"end":{"line":98,"column":20}},"13":{"start":{"line":95,"column":4},"end":{"line":97,"column":5}},"14":{"start":{"line":96,"column":6},"end":{"line":96,"column":31}},"15":{"start":{"line":100,"column":2},"end":{"line":102,"column":3}},"16":{"start":{"line":101,"column":4},"end":{"line":101,"column":16}},"17":{"start":{"line":104,"column":2},"end":{"line":111,"column":4}}},"fnMap":{"0":{"name":"InitialLayout","decl":{"start":{"line":29,"column":9},"end":{"line":29,"column":22}},"loc":{"start":{"line":29,"column":25},"end":{"line":79,"column":1}},"line":29},"1":{"name":"(anonymous_1)","decl":{"start":{"line":48,"column":21},"end":{"line":48,"column":22}},"loc":{"start":{"line":49,"column":10},"end":{"line":55,"column":29}},"line":49},"2":{"name":"(anonymous_2)","decl":{"start":{"line":50,"column":21},"end":{"line":50,"column":22}},"loc":{"start":{"line":50,"column":27},"end":{"line":52,"column":17}},"line":50},"3":{"name":"(anonymous_3)","decl":{"start":{"line":64,"column":23},"end":{"line":64,"column":24}},"loc":{"start":{"line":65,"column":12},"end":{"line":71,"column":31}},"line":65},"4":{"name":"(anonymous_4)","decl":{"start":{"line":66,"column":23},"end":{"line":66,"column":24}},"loc":{"start":{"line":66,"column":29},"end":{"line":68,"column":19}},"line":66},"5":{"name":"RootLayout","decl":{"start":{"line":81,"column":24},"end":{"line":81,"column":34}},"loc":{"start":{"line":81,"column":37},"end":{"line":112,"column":1}},"line":81},"6":{"name":"(anonymous_6)","decl":{"start":{"line":94,"column":12},"end":{"line":94,"column":13}},"loc":{"start":{"line":94,"column":18},"end":{"line":98,"column":3}},"line":94}},"branchMap":{"0":{"loc":{"start":{"line":32,"column":2},"end":{"line":38,"column":3}},"type":"if","locations":[{"start":{"line":32,"column":2},"end":{"line":38,"column":3}},{"start":{},"end":{}}],"line":32},"1":{"loc":{"start":{"line":95,"column":4},"end":{"line":97,"column":5}},"type":"if","locations":[{"start":{"line":95,"column":4},"end":{"line":97,"column":5}},{"start":{},"end":{}}],"line":95},"2":{"loc":{"start":{"line":100,"column":2},"end":{"line":102,"column":3}},"type":"if","locations":[{"start":{"line":100,"column":2},"end":{"line":102,"column":3}},{"start":{},"end":{}}],"line":100},"3":{"loc":{"start":{"line":105,"column":26},"end":{"line":105,"column":75}},"type":"cond-expr","locations":[{"start":{"line":105,"column":51},"end":{"line":105,"column":60}},{"start":{"line":105,"column":63},"end":{"line":105,"column":75}}],"line":105}},"s":{"0":0,"1":0,"2":0,"3":0,"4":0,"5":0,"6":0,"7":0,"8":0,"9":0,"10":0,"11":0,"12":0,"13":0,"14":0,"15":0,"16":0,"17":0},"f":{"0":0,"1":0,"2":0,"3":0,"4":0,"5":0,"6":0},"b":{"0":[0,0],"1":[0,0],"2":[0,0],"3":[0,0]}}
,"C:\\Users\\diego\\Desktop\\CUARTO INFORMATICA\\TFG\\ecos-do-sur-app\\frontend\\app\\index.tsx": {"path":"C:\\Users\\diego\\Desktop\\CUARTO INFORMATICA\\TFG\\ecos-do-sur-app\\frontend\\app\\index.tsx","statementMap":{"0":{"start":{"line":6,"column":23},"end":{"line":6,"column":35}},"1":{"start":{"line":9,"column":34},"end":{"line":9,"column":49}},"2":{"start":{"line":10,"column":42},"end":{"line":10,"column":57}},"3":{"start":{"line":12,"column":2},"end":{"line":39,"column":9}},"4":{"start":{"line":13,"column":30},"end":{"line":36,"column":5}},"5":{"start":{"line":14,"column":6},"end":{"line":35,"column":7}},"6":{"start":{"line":15,"column":19},"end":{"line":15,"column":24}},"7":{"start":{"line":17,"column":8},"end":{"line":28,"column":9}},"8":{"start":{"line":18,"column":10},"end":{"line":18,"column":77}},"9":{"start":{"line":19,"column":10},"end":{"line":21,"column":11}},"10":{"start":{"line":20,"column":12},"end":{"line":20,"column":69}},"11":{"start":{"line":23,"column":24},"end":{"line":23,"column":70}},"12":{"start":{"line":24,"column":10},"end":{"line":24,"column":34}},"13":{"start":{"line":25,"column":10},"end":{"line":27,"column":11}},"14":{"start":{"line":26,"column":12},"end":{"line":26,"column":67}},"15":{"start":{"line":30,"column":8},"end":{"line":30,"column":30}},"16":{"start":{"line":32,"column":8},"end":{"line":32,"column":54}},"17":{"start":{"line":34,"column":8},"end":{"line":34,"column":26}},"18":{"start":{"line":38,"column":4},"end":{"line":38,"column":24}},"19":{"start":{"line":41,"column":2},"end":{"line":47,"column":3}},"20":{"start":{"line":42,"column":4},"end":{"line":46,"column":6}},"21":{"start":{"line":50,"column":2},"end":{"line":52,"column":3}},"22":{"start":{"line":51,"column":4},"end":{"line":51,"column":38}},"23":{"start":{"line":55,"column":2},"end":{"line":55,"column":57}}},"fnMap":{"0":{"name":"Index","decl":{"start":{"line":8,"column":24},"end":{"line":8,"column":29}},"loc":{"start":{"line":8,"column":32},"end":{"line":56,"column":1}},"line":8},"1":{"name":"(anonymous_1)","decl":{"start":{"line":12,"column":12},"end":{"line":12,"column":13}},"loc":{"start":{"line":12,"column":18},"end":{"line":39,"column":3}},"line":12},"2":{"name":"(anonymous_2)","decl":{"start":{"line":13,"column":30},"end":{"line":13,"column":31}},"loc":{"start":{"line":13,"column":42},"end":{"line":36,"column":5}},"line":13}},"branchMap":{"0":{"loc":{"start":{"line":17,"column":8},"end":{"line":28,"column":9}},"type":"if","locations":[{"start":{"line":17,"column":8},"end":{"line":28,"column":9}},{"start":{"line":22,"column":15},"end":{"line":28,"column":9}}],"line":17},"1":{"loc":{"start":{"line":19,"column":10},"end":{"line":21,"column":11}},"type":"if","locations":[{"start":{"line":19,"column":10},"end":{"line":21,"column":11}},{"start":{},"end":{}}],"line":19},"2":{"loc":{"start":{"line":25,"column":10},"end":{"line":27,"column":11}},"type":"if","locations":[{"start":{"line":25,"column":10},"end":{"line":27,"column":11}},{"start":{},"end":{}}],"line":25},"3":{"loc":{"start":{"line":41,"column":2},"end":{"line":47,"column":3}},"type":"if","locations":[{"start":{"line":41,"column":2},"end":{"line":47,"column":3}},{"start":{},"end":{}}],"line":41},"4":{"loc":{"start":{"line":50,"column":2},"end":{"line":52,"column":3}},"type":"if","locations":[{"start":{"line":50,"column":2},"end":{"line":52,"column":3}},{"start":{},"end":{}}],"line":50}},"s":{"0":0,"1":0,"2":0,"3":0,"4":0,"5":0,"6":0,"7":0,"8":0,"9":0,"10":0,"11":0,"12":0,"13":0,"14":0,"15":0,"16":0,"17":0,"18":0,"19":0,"20":0,"21":0,"22":0,"23":0},"f":{"0":0,"1":0,"2":0},"b":{"0":[0,0],"1":[0,0],"2":[0,0],"3":[0,0],"4":[0,0]}}
,"C:\\Users\\diego\\Desktop\\CUARTO INFORMATICA\\TFG\\ecos-do-sur-app\\frontend\\app\\intro.tsx": {"path":"C:\\Users\\diego\\Desktop\\CUARTO INFORMATICA\\TFG\\ecos-do-sur-app\\frontend\\app\\intro.tsx","statementMap":{"0":{"start":{"line":13,"column":22},"end":{"line":13,"column":38}},"1":{"start":{"line":14,"column":17},"end":{"line":14,"column":28}},"2":{"start":{"line":15,"column":37},"end":{"line":15,"column":46}},"3":{"start":{"line":16,"column":34},"end":{"line":16,"column":58}},"4":{"start":{"line":17,"column":34},"end":{"line":17,"column":52}},"5":{"start":{"line":18,"column":40},"end":{"line":18,"column":59}},"6":{"start":{"line":20,"column":22},"end":{"line":31,"column":3}},"7":{"start":{"line":22,"column":21},"end":{"line":22,"column":81}},"8":{"start":{"line":23,"column":4},"end":{"line":23,"column":29}},"9":{"start":{"line":24,"column":4},"end":{"line":26,"column":5}},"10":{"start":{"line":25,"column":6},"end":{"line":25,"column":13}},"11":{"start":{"line":27,"column":4},"end":{"line":30,"column":7}},"12":{"start":{"line":33,"column":24},"end":{"line":35,"column":3}},"13":{"start":{"line":34,"column":2},"end":{"line":34,"column":45}},"14":{"start":{"line":38,"column":28},"end":{"line":40,"column":3}},"15":{"start":{"line":39,"column":4},"end":{"line":39,"column":62}},"16":{"start":{"line":42,"column":31},"end":{"line":44,"column":3}},"17":{"start":{"line":43,"column":4},"end":{"line":43,"column":65}},"18":{"start":{"line":46,"column":2},"end":{"line":48,"column":3}},"19":{"start":{"line":47,"column":4},"end":{"line":47,"column":59}},"20":{"start":{"line":50,"column":2},"end":{"line":90,"column":4}},"21":{"start":{"line":67,"column":103},"end":{"line":67,"column":145}}},"fnMap":{"0":{"name":"Login","decl":{"start":{"line":12,"column":24},"end":{"line":12,"column":29}},"loc":{"start":{"line":12,"column":32},"end":{"line":91,"column":1}},"line":12},"1":{"name":"(anonymous_1)","decl":{"start":{"line":20,"column":22},"end":{"line":20,"column":23}},"loc":{"start":{"line":20,"column":34},"end":{"line":31,"column":3}},"line":20},"2":{"name":"(anonymous_2)","decl":{"start":{"line":33,"column":24},"end":{"line":33,"column":25}},"loc":{"start":{"line":33,"column":36},"end":{"line":35,"column":3}},"line":33},"3":{"name":"(anonymous_3)","decl":{"start":{"line":38,"column":28},"end":{"line":38,"column":29}},"loc":{"start":{"line":38,"column":34},"end":{"line":40,"column":3}},"line":38},"4":{"name":"(anonymous_4)","decl":{"start":{"line":42,"column":31},"end":{"line":42,"column":32}},"loc":{"start":{"line":42,"column":37},"end":{"line":44,"column":3}},"line":42},"5":{"name":"(anonymous_5)","decl":{"start":{"line":67,"column":95},"end":{"line":67,"column":96}},"loc":{"start":{"line":67,"column":101},"end":{"line":67,"column":147}},"line":67}},"branchMap":{"0":{"loc":{"start":{"line":24,"column":4},"end":{"line":26,"column":5}},"type":"if","locations":[{"start":{"line":24,"column":4},"end":{"line":26,"column":5}},{"start":{},"end":{}}],"line":24},"1":{"loc":{"start":{"line":46,"column":2},"end":{"line":48,"column":3}},"type":"if","locations":[{"start":{"line":46,"column":2},"end":{"line":48,"column":3}},{"start":{},"end":{}}],"line":46},"2":{"loc":{"start":{"line":63,"column":106},"end":{"line":63,"column":150}},"type":"cond-expr","locations":[{"start":{"line":63,"column":131},"end":{"line":63,"column":138}},{"start":{"line":63,"column":141},"end":{"line":63,"column":150}}],"line":63},"3":{"loc":{"start":{"line":83,"column":11},"end":{"line":83,"column":53}},"type":"binary-expr","locations":[{"start":{"line":83,"column":11},"end":{"line":83,"column":22}},{"start":{"line":83,"column":26},"end":{"line":83,"column":53}}],"line":83}},"s":{"0":0,"1":0,"2":0,"3":0,"4":0,"5":0,"6":0,"7":0,"8":0,"9":0,"10":0,"11":0,"12":0,"13":0,"14":0,"15":0,"16":0,"17":0,"18":0,"19":0,"20":0,"21":0},"f":{"0":0,"1":0,"2":0,"3":0,"4":0,"5":0},"b":{"0":[0,0],"1":[0,0],"2":[0,0],"3":[0,0]}}
,"C:\\Users\\diego\\Desktop\\CUARTO INFORMATICA\\TFG\\ecos-do-sur-app\\frontend\\app\\login.tsx": {"path":"C:\\Users\\diego\\Desktop\\CUARTO INFORMATICA\\TFG\\ecos-do-sur-app\\frontend\\app\\login.tsx","statementMap":{"0":{"start":{"line":16,"column":21},"end":{"line":16,"column":36}},"1":{"start":{"line":17,"column":32},"end":{"line":17,"column":47}},"2":{"start":{"line":18,"column":17},"end":{"line":18,"column":28}},"3":{"start":{"line":19,"column":37},"end":{"line":19,"column":46}},"4":{"start":{"line":20,"column":38},"end":{"line":20,"column":62}},"5":{"start":{"line":21,"column":34},"end":{"line":21,"column":52}},"6":{"start":{"line":22,"column":40},"end":{"line":22,"column":59}},"7":{"start":{"line":24,"column":50},"end":{"line":24,"column":70}},"8":{"start":{"line":25,"column":46},"end":{"line":25,"column":66}},"9":{"start":{"line":27,"column":26},"end":{"line":27,"column":44}},"10":{"start":{"line":29,"column":29},"end":{"line":29,"column":52}},"11":{"start":{"line":30,"column":27},"end":{"line":30,"column":50}},"12":{"start":{"line":32,"column":2},"end":{"line":41,"column":13}},"13":{"start":{"line":33,"column":18},"end":{"line":39,"column":11}},"14":{"start":{"line":34,"column":6},"end":{"line":38,"column":7}},"15":{"start":{"line":35,"column":8},"end":{"line":35,"column":44}},"16":{"start":{"line":37,"column":8},"end":{"line":37,"column":42}},"17":{"start":{"line":40,"column":4},"end":{"line":40,"column":37}},"18":{"start":{"line":40,"column":17},"end":{"line":40,"column":36}},"19":{"start":{"line":43,"column":2},"end":{"line":54,"column":25}},"20":{"start":{"line":44,"column":4},"end":{"line":53,"column":7}},"21":{"start":{"line":46,"column":8},"end":{"line":51,"column":27}},"22":{"start":{"line":47,"column":25},"end":{"line":47,"column":35}},"23":{"start":{"line":56,"column":22},"end":{"line":95,"column":3}},"24":{"start":{"line":57,"column":4},"end":{"line":57,"column":21}},"25":{"start":{"line":58,"column":4},"end":{"line":58,"column":26}},"26":{"start":{"line":60,"column":4},"end":{"line":63,"column":5}},"27":{"start":{"line":61,"column":6},"end":{"line":61,"column":24}},"28":{"start":{"line":62,"column":6},"end":{"line":62,"column":13}},"29":{"start":{"line":64,"column":4},"end":{"line":94,"column":5}},"30":{"start":{"line":65,"column":23},"end":{"line":65,"column":85}},"31":{"start":{"line":66,"column":6},"end":{"line":66,"column":31}},"32":{"start":{"line":68,"column":6},"end":{"line":76,"column":7}},"33":{"start":{"line":69,"column":8},"end":{"line":73,"column":9}},"34":{"start":{"line":70,"column":10},"end":{"line":70,"column":54}},"35":{"start":{"line":72,"column":10},"end":{"line":72,"column":74}},"36":{"start":{"line":74,"column":8},"end":{"line":74,"column":26}},"37":{"start":{"line":75,"column":8},"end":{"line":75,"column":15}},"38":{"start":{"line":78,"column":6},"end":{"line":82,"column":7}},"39":{"start":{"line":79,"column":8},"end":{"line":79,"column":72}},"40":{"start":{"line":80,"column":8},"end":{"line":80,"column":26}},"41":{"start":{"line":81,"column":8},"end":{"line":81,"column":15}},"42":{"start":{"line":84,"column":6},"end":{"line":87,"column":9}},"43":{"start":{"line":89,"column":6},"end":{"line":89,"column":50}},"44":{"start":{"line":90,"column":6},"end":{"line":90,"column":70}},"45":{"start":{"line":93,"column":6},"end":{"line":93,"column":24}},"46":{"start":{"line":97,"column":31},"end":{"line":99,"column":3}},"47":{"start":{"line":98,"column":4},"end":{"line":98,"column":62}},"48":{"start":{"line":101,"column":2},"end":{"line":103,"column":3}},"49":{"start":{"line":102,"column":4},"end":{"line":102,"column":59}},"50":{"start":{"line":105,"column":27},"end":{"line":117,"column":3}},"51":{"start":{"line":106,"column":23},"end":{"line":106,"column":28}},"52":{"start":{"line":107,"column":4},"end":{"line":110,"column":5}},"53":{"start":{"line":108,"column":6},"end":{"line":108,"column":72}},"54":{"start":{"line":109,"column":6},"end":{"line":109,"column":26}},"55":{"start":{"line":111,"column":4},"end":{"line":114,"column":5}},"56":{"start":{"line":112,"column":6},"end":{"line":112,"column":63}},"57":{"start":{"line":113,"column":6},"end":{"line":113,"column":26}},"58":{"start":{"line":116,"column":4},"end":{"line":116,"column":25}},"59":{"start":{"line":119,"column":21},"end":{"line":142,"column":3}},"60":{"start":{"line":120,"column":4},"end":{"line":120,"column":28}},"61":{"start":{"line":121,"column":4},"end":{"line":124,"column":5}},"62":{"start":{"line":122,"column":6},"end":{"line":122,"column":60}},"63":{"start":{"line":123,"column":6},"end":{"line":123,"column":13}},"64":{"start":{"line":126,"column":4},"end":{"line":126,"column":21}},"65":{"start":{"line":127,"column":4},"end":{"line":141,"column":5}},"66":{"start":{"line":128,"column":23},"end":{"line":128,"column":78}},"67":{"start":{"line":130,"column":6},"end":{"line":133,"column":7}},"68":{"start":{"line":131,"column":8},"end":{"line":131,"column":55}},"69":{"start":{"line":132,"column":8},"end":{"line":132,"column":15}},"70":{"start":{"line":135,"column":6},"end":{"line":135,"column":17}},"71":{"start":{"line":137,"column":6},"end":{"line":137,"column":51}},"72":{"start":{"line":138,"column":6},"end":{"line":138,"column":78}},"73":{"start":{"line":140,"column":6},"end":{"line":140,"column":24}},"74":{"start":{"line":144,"column":2},"end":{"line":214,"column":4}}},"fnMap":{"0":{"name":"Login","decl":{"start":{"line":15,"column":24},"end":{"line":15,"column":29}},"loc":{"start":{"line":15,"column":32},"end":{"line":215,"column":1}},"line":15},"1":{"name":"(anonymous_1)","decl":{"start":{"line":32,"column":12},"end":{"line":32,"column":13}},"loc":{"start":{"line":32,"column":18},"end":{"line":41,"column":3}},"line":32},"2":{"name":"(anonymous_2)","decl":{"start":{"line":33,"column":29},"end":{"line":33,"column":30}},"loc":{"start":{"line":33,"column":35},"end":{"line":39,"column":5}},"line":33},"3":{"name":"(anonymous_3)","decl":{"start":{"line":40,"column":11},"end":{"line":40,"column":12}},"loc":{"start":{"line":40,"column":17},"end":{"line":40,"column":36}},"line":40},"4":{"name":"(anonymous_4)","decl":{"start":{"line":43,"column":18},"end":{"line":43,"column":19}},"loc":{"start":{"line":43,"column":24},"end":{"line":54,"column":3}},"line":43},"5":{"name":"(anonymous_5)","decl":{"start":{"line":45,"column":31},"end":{"line":45,"column":32}},"loc":{"start":{"line":46,"column":8},"end":{"line":51,"column":27}},"line":46},"6":{"name":"(anonymous_6)","decl":{"start":{"line":47,"column":19},"end":{"line":47,"column":20}},"loc":{"start":{"line":47,"column":25},"end":{"line":47,"column":35}},"line":47},"7":{"name":"(anonymous_7)","decl":{"start":{"line":56,"column":22},"end":{"line":56,"column":23}},"loc":{"start":{"line":56,"column":34},"end":{"line":95,"column":3}},"line":56},"8":{"name":"(anonymous_8)","decl":{"start":{"line":97,"column":31},"end":{"line":97,"column":32}},"loc":{"start":{"line":97,"column":37},"end":{"line":99,"column":3}},"line":97},"9":{"name":"(anonymous_9)","decl":{"start":{"line":105,"column":27},"end":{"line":105,"column":28}},"loc":{"start":{"line":105,"column":33},"end":{"line":117,"column":3}},"line":105},"10":{"name":"(anonymous_10)","decl":{"start":{"line":119,"column":21},"end":{"line":119,"column":22}},"loc":{"start":{"line":119,"column":33},"end":{"line":142,"column":3}},"line":119}},"branchMap":{"0":{"loc":{"start":{"line":34,"column":6},"end":{"line":38,"column":7}},"type":"if","locations":[{"start":{"line":34,"column":6},"end":{"line":38,"column":7}},{"start":{"line":36,"column":13},"end":{"line":38,"column":7}}],"line":34},"1":{"loc":{"start":{"line":45,"column":18},"end":{"line":52,"column":19}},"type":"cond-expr","locations":[{"start":{"line":45,"column":31},"end":{"line":52,"column":7}},{"start":{"line":52,"column":10},"end":{"line":52,"column":19}}],"line":45},"2":{"loc":{"start":{"line":60,"column":4},"end":{"line":63,"column":5}},"type":"if","locations":[{"start":{"line":60,"column":4},"end":{"line":63,"column":5}},{"start":{},"end":{}}],"line":60},"3":{"loc":{"start":{"line":68,"column":6},"end":{"line":76,"column":7}},"type":"if","locations":[{"start":{"line":68,"column":6},"end":{"line":76,"column":7}},{"start":{},"end":{}}],"line":68},"4":{"loc":{"start":{"line":69,"column":8},"end":{"line":73,"column":9}},"type":"if","locations":[{"start":{"line":69,"column":8},"end":{"line":73,"column":9}},{"start":{"line":71,"column":15},"end":{"line":73,"column":9}}],"line":69},"5":{"loc":{"start":{"line":78,"column":6},"end":{"line":82,"column":7}},"type":"if","locations":[{"start":{"line":78,"column":6},"end":{"line":82,"column":7}},{"start":{},"end":{}}],"line":78},"6":{"loc":{"start":{"line":101,"column":2},"end":{"line":103,"column":3}},"type":"if","locations":[{"start":{"line":101,"column":2},"end":{"line":103,"column":3}},{"start":{},"end":{}}],"line":101},"7":{"loc":{"start":{"line":107,"column":4},"end":{"line":110,"column":5}},"type":"if","locations":[{"start":{"line":107,"column":4},"end":{"line":110,"column":5}},{"start":{},"end":{}}],"line":107},"8":{"loc":{"start":{"line":111,"column":4},"end":{"line":114,"column":5}},"type":"if","locations":[{"start":{"line":111,"column":4},"end":{"line":114,"column":5}},{"start":{},"end":{}}],"line":111},"9":{"loc":{"start":{"line":121,"column":4},"end":{"line":124,"column":5}},"type":"if","locations":[{"start":{"line":121,"column":4},"end":{"line":124,"column":5}},{"start":{},"end":{}}],"line":121},"10":{"loc":{"start":{"line":130,"column":6},"end":{"line":133,"column":7}},"type":"if","locations":[{"start":{"line":130,"column":6},"end":{"line":133,"column":7}},{"start":{},"end":{}}],"line":130},"11":{"loc":{"start":{"line":159,"column":11},"end":{"line":208,"column":11}},"type":"cond-expr","locations":[{"start":{"line":160,"column":12},"end":{"line":182,"column":15}},{"start":{"line":184,"column":12},"end":{"line":207,"column":15}}],"line":159},"12":{"loc":{"start":{"line":170,"column":15},"end":{"line":175,"column":15}},"type":"binary-expr","locations":[{"start":{"line":170,"column":15},"end":{"line":170,"column":42}},{"start":{"line":171,"column":16},"end":{"line":174,"column":23}}],"line":170},"13":{"loc":{"start":{"line":195,"column":15},"end":{"line":200,"column":15}},"type":"binary-expr","locations":[{"start":{"line":195,"column":15},"end":{"line":195,"column":40}},{"start":{"line":196,"column":16},"end":{"line":199,"column":23}}],"line":195}},"s":{"0":0,"1":0,"2":0,"3":0,"4":0,"5":0,"6":0,"7":0,"8":0,"9":0,"10":0,"11":0,"12":0,"13":0,"14":0,"15":0,"16":0,"17":0,"18":0,"19":0,"20":0,"21":0,"22":0,"23":0,"24":0,"25":0,"26":0,"27":0,"28":0,"29":0,"30":0,"31":0,"32":0,"33":0,"34":0,"35":0,"36":0,"37":0,"38":0,"39":0,"40":0,"41":0,"42":0,"43":0,"44":0,"45":0,"46":0,"47":0,"48":0,"49":0,"50":0,"51":0,"52":0,"53":0,"54":0,"55":0,"56":0,"57":0,"58":0,"59":0,"60":0,"61":0,"62":0,"63":0,"64":0,"65":0,"66":0,"67":0,"68":0,"69":0,"70":0,"71":0,"72":0,"73":0,"74":0},"f":{"0":0,"1":0,"2":0,"3":0,"4":0,"5":0,"6":0,"7":0,"8":0,"9":0,"10":0},"b":{"0":[0,0],"1":[0,0],"2":[0,0],"3":[0,0],"4":[0,0],"5":[0,0],"6":[0,0],"7":[0,0],"8":[0,0],"9":[0,0],"10":[0,0],"11":[0,0],"12":[0,0],"13":[0,0]}}
,"C:\\Users\\diego\\Desktop\\CUARTO INFORMATICA\\TFG\\ecos-do-sur-app\\frontend\\app\\modal.tsx": {"path":"C:\\Users\\diego\\Desktop\\CUARTO INFORMATICA\\TFG\\ecos-do-sur-app\\frontend\\app\\modal.tsx","statementMap":{"0":{"start":{"line":8,"column":2},"end":{"line":15,"column":4}},"1":{"start":{"line":18,"column":15},"end":{"line":29,"column":2}}},"fnMap":{"0":{"name":"ModalScreen","decl":{"start":{"line":7,"column":24},"end":{"line":7,"column":35}},"loc":{"start":{"line":7,"column":38},"end":{"line":16,"column":1}},"line":7}},"branchMap":{},"s":{"0":0,"1":0},"f":{"0":0},"b":{}}
,"C:\\Users\\diego\\Desktop\\CUARTO INFORMATICA\\TFG\\ecos-do-sur-app\\frontend\\app\\register.tsx": {"path":"C:\\Users\\diego\\Desktop\\CUARTO INFORMATICA\\TFG\\ecos-do-sur-app\\frontend\\app\\register.tsx","statementMap":{"0":{"start":{"line":21,"column":21},"end":{"line":21,"column":36}},"1":{"start":{"line":22,"column":32},"end":{"line":22,"column":47}},"2":{"start":{"line":23,"column":26},"end":{"line":23,"column":56}},"3":{"start":{"line":24,"column":17},"end":{"line":24,"column":28}},"4":{"start":{"line":25,"column":37},"end":{"line":25,"column":46}},"5":{"start":{"line":26,"column":22},"end":{"line":26,"column":38}},"6":{"start":{"line":28,"column":24},"end":{"line":28,"column":47}},"7":{"start":{"line":29,"column":27},"end":{"line":29,"column":50}},"8":{"start":{"line":30,"column":27},"end":{"line":30,"column":50}},"9":{"start":{"line":31,"column":34},"end":{"line":31,"column":57}},"10":{"start":{"line":32,"column":24},"end":{"line":32,"column":47}},"11":{"start":{"line":33,"column":24},"end":{"line":33,"column":47}},"12":{"start":{"line":34,"column":52},"end":{"line":34,"column":64}},"13":{"start":{"line":35,"column":52},"end":{"line":35,"column":64}},"14":{"start":{"line":36,"column":62},"end":{"line":36,"column":82}},"15":{"start":{"line":37,"column":34},"end":{"line":37,"column":46}},"16":{"start":{"line":38,"column":28},"end":{"line":38,"column":40}},"17":{"start":{"line":39,"column":34},"end":{"line":39,"column":46}},"18":{"start":{"line":40,"column":48},"end":{"line":40,"column":60}},"19":{"start":{"line":41,"column":34},"end":{"line":41,"column":58}},"20":{"start":{"line":42,"column":30},"end":{"line":42,"column":55}},"21":{"start":{"line":43,"column":28},"end":{"line":43,"column":57}},"22":{"start":{"line":44,"column":44},"end":{"line":44,"column":59}},"23":{"start":{"line":45,"column":40},"end":{"line":45,"column":60}},"24":{"start":{"line":46,"column":46},"end":{"line":46,"column":66}},"25":{"start":{"line":47,"column":46},"end":{"line":47,"column":66}},"26":{"start":{"line":48,"column":60},"end":{"line":48,"column":80}},"27":{"start":{"line":50,"column":2},"end":{"line":61,"column":13}},"28":{"start":{"line":51,"column":18},"end":{"line":59,"column":11}},"29":{"start":{"line":52,"column":6},"end":{"line":58,"column":7}},"30":{"start":{"line":53,"column":8},"end":{"line":53,"column":39}},"31":{"start":{"line":54,"column":13},"end":{"line":58,"column":7}},"32":{"start":{"line":55,"column":8},"end":{"line":55,"column":42}},"33":{"start":{"line":56,"column":13},"end":{"line":58,"column":7}},"34":{"start":{"line":57,"column":8},"end":{"line":57,"column":42}},"35":{"start":{"line":60,"column":4},"end":{"line":60,"column":37}},"36":{"start":{"line":60,"column":17},"end":{"line":60,"column":36}},"37":{"start":{"line":63,"column":2},"end":{"line":78,"column":25}},"38":{"start":{"line":64,"column":4},"end":{"line":77,"column":7}},"39":{"start":{"line":66,"column":8},"end":{"line":75,"column":27}},"40":{"start":{"line":67,"column":25},"end":{"line":67,"column":75}},"41":{"start":{"line":67,"column":43},"end":{"line":67,"column":74}},"42":{"start":{"line":80,"column":58},"end":{"line":84,"column":3}},"43":{"start":{"line":86,"column":54},"end":{"line":91,"column":3}},"44":{"start":{"line":93,"column":30},"end":{"line":121,"column":3}},"45":{"start":{"line":94,"column":4},"end":{"line":94,"column":23}},"46":{"start":{"line":95,"column":4},"end":{"line":98,"column":5}},"47":{"start":{"line":96,"column":6},"end":{"line":96,"column":46}},"48":{"start":{"line":97,"column":6},"end":{"line":97,"column":13}},"49":{"start":{"line":99,"column":23},"end":{"line":99,"column":51}},"50":{"start":{"line":100,"column":4},"end":{"line":103,"column":5}},"51":{"start":{"line":101,"column":6},"end":{"line":101,"column":39}},"52":{"start":{"line":102,"column":6},"end":{"line":102,"column":13}},"53":{"start":{"line":105,"column":4},"end":{"line":105,"column":21}},"54":{"start":{"line":106,"column":4},"end":{"line":120,"column":5}},"55":{"start":{"line":107,"column":23},"end":{"line":107,"column":73}},"56":{"start":{"line":109,"column":6},"end":{"line":112,"column":7}},"57":{"start":{"line":110,"column":8},"end":{"line":110,"column":56}},"58":{"start":{"line":111,"column":8},"end":{"line":111,"column":15}},"59":{"start":{"line":114,"column":6},"end":{"line":114,"column":17}},"60":{"start":{"line":116,"column":6},"end":{"line":116,"column":52}},"61":{"start":{"line":117,"column":6},"end":{"line":117,"column":71}},"62":{"start":{"line":119,"column":6},"end":{"line":119,"column":24}},"63":{"start":{"line":123,"column":30},"end":{"line":147,"column":3}},"64":{"start":{"line":124,"column":4},"end":{"line":124,"column":26}},"65":{"start":{"line":126,"column":4},"end":{"line":129,"column":5}},"66":{"start":{"line":127,"column":6},"end":{"line":127,"column":61}},"67":{"start":{"line":128,"column":6},"end":{"line":128,"column":13}},"68":{"start":{"line":131,"column":4},"end":{"line":131,"column":21}},"69":{"start":{"line":132,"column":4},"end":{"line":146,"column":5}},"70":{"start":{"line":133,"column":23},"end":{"line":133,"column":76}},"71":{"start":{"line":135,"column":6},"end":{"line":138,"column":7}},"72":{"start":{"line":136,"column":8},"end":{"line":136,"column":67}},"73":{"start":{"line":137,"column":8},"end":{"line":137,"column":15}},"74":{"start":{"line":140,"column":6},"end":{"line":140,"column":17}},"75":{"start":{"line":142,"column":6},"end":{"line":142,"column":55}},"76":{"start":{"line":143,"column":6},"end":{"line":143,"column":86}},"77":{"start":{"line":145,"column":6},"end":{"line":145,"column":24}},"78":{"start":{"line":149,"column":30},"end":{"line":163,"column":3}},"79":{"start":{"line":150,"column":4},"end":{"line":150,"column":26}},"80":{"start":{"line":151,"column":4},"end":{"line":151,"column":33}},"81":{"start":{"line":153,"column":4},"end":{"line":156,"column":5}},"82":{"start":{"line":154,"column":6},"end":{"line":154,"column":74}},"83":{"start":{"line":155,"column":6},"end":{"line":155,"column":13}},"84":{"start":{"line":157,"column":4},"end":{"line":160,"column":5}},"85":{"start":{"line":158,"column":6},"end":{"line":158,"column":63}},"86":{"start":{"line":159,"column":6},"end":{"line":159,"column":13}},"87":{"start":{"line":162,"column":4},"end":{"line":162,"column":15}},"88":{"start":{"line":165,"column":30},"end":{"line":195,"column":3}},"89":{"start":{"line":166,"column":4},"end":{"line":169,"column":5}},"90":{"start":{"line":167,"column":6},"end":{"line":167,"column":50}},"91":{"start":{"line":168,"column":6},"end":{"line":168,"column":13}},"92":{"start":{"line":171,"column":4},"end":{"line":171,"column":21}},"93":{"start":{"line":172,"column":4},"end":{"line":172,"column":34}},"94":{"start":{"line":173,"column":4},"end":{"line":194,"column":5}},"95":{"start":{"line":174,"column":6},"end":{"line":174,"column":64}},"96":{"start":{"line":175,"column":6},"end":{"line":175,"column":59}},"97":{"start":{"line":176,"column":6},"end":{"line":176,"column":31}},"98":{"start":{"line":177,"column":6},"end":{"line":177,"column":31}},"99":{"start":{"line":178,"column":6},"end":{"line":178,"column":17}},"100":{"start":{"line":180,"column":6},"end":{"line":191,"column":7}},"101":{"start":{"line":181,"column":8},"end":{"line":181,"column":56}},"102":{"start":{"line":182,"column":8},"end":{"line":182,"column":19}},"103":{"start":{"line":183,"column":13},"end":{"line":191,"column":7}},"104":{"start":{"line":184,"column":8},"end":{"line":184,"column":117}},"105":{"start":{"line":185,"column":8},"end":{"line":185,"column":19}},"106":{"start":{"line":186,"column":13},"end":{"line":191,"column":7}},"107":{"start":{"line":187,"column":8},"end":{"line":187,"column":41}},"108":{"start":{"line":188,"column":8},"end":{"line":188,"column":19}},"109":{"start":{"line":190,"column":8},"end":{"line":190,"column":84}},"110":{"start":{"line":193,"column":6},"end":{"line":193,"column":24}},"111":{"start":{"line":197,"column":32},"end":{"line":233,"column":3}},"112":{"start":{"line":198,"column":4},"end":{"line":198,"column":34}},"113":{"start":{"line":199,"column":21},"end":{"line":199,"column":58}},"114":{"start":{"line":201,"column":4},"end":{"line":204,"column":5}},"115":{"start":{"line":202,"column":6},"end":{"line":202,"column":75}},"116":{"start":{"line":203,"column":6},"end":{"line":203,"column":13}},"117":{"start":{"line":206,"column":4},"end":{"line":206,"column":21}},"118":{"start":{"line":207,"column":4},"end":{"line":232,"column":5}},"119":{"start":{"line":208,"column":6},"end":{"line":208,"column":68}},"120":{"start":{"line":209,"column":23},"end":{"line":209,"column":128}},"121":{"start":{"line":210,"column":6},"end":{"line":213,"column":7}},"122":{"start":{"line":211,"column":8},"end":{"line":211,"column":81}},"123":{"start":{"line":212,"column":8},"end":{"line":212,"column":15}},"124":{"start":{"line":214,"column":6},"end":{"line":217,"column":9}},"125":{"start":{"line":218,"column":6},"end":{"line":218,"column":49}},"126":{"start":{"line":220,"column":6},"end":{"line":220,"column":52}},"127":{"start":{"line":221,"column":6},"end":{"line":229,"column":7}},"128":{"start":{"line":222,"column":8},"end":{"line":222,"column":74}},"129":{"start":{"line":223,"column":13},"end":{"line":229,"column":7}},"130":{"start":{"line":224,"column":8},"end":{"line":224,"column":75}},"131":{"start":{"line":225,"column":13},"end":{"line":229,"column":7}},"132":{"start":{"line":226,"column":8},"end":{"line":226,"column":81}},"133":{"start":{"line":228,"column":8},"end":{"line":228,"column":87}},"134":{"start":{"line":231,"column":6},"end":{"line":231,"column":24}},"135":{"start":{"line":235,"column":27},"end":{"line":249,"column":3}},"136":{"start":{"line":236,"column":4},"end":{"line":236,"column":34}},"137":{"start":{"line":237,"column":4},"end":{"line":237,"column":27}},"138":{"start":{"line":238,"column":4},"end":{"line":248,"column":5}},"139":{"start":{"line":239,"column":6},"end":{"line":239,"column":59}},"140":{"start":{"line":241,"column":6},"end":{"line":245,"column":7}},"141":{"start":{"line":242,"column":8},"end":{"line":242,"column":89}},"142":{"start":{"line":244,"column":8},"end":{"line":244,"column":86}},"143":{"start":{"line":247,"column":6},"end":{"line":247,"column":30}},"144":{"start":{"line":251,"column":29},"end":{"line":254,"column":3}},"145":{"start":{"line":252,"column":4},"end":{"line":252,"column":15}},"146":{"start":{"line":253,"column":4},"end":{"line":253,"column":19}},"147":{"start":{"line":256,"column":28},"end":{"line":258,"column":3}},"148":{"start":{"line":257,"column":4},"end":{"line":257,"column":26}},"149":{"start":{"line":260,"column":2},"end":{"line":262,"column":3}},"150":{"start":{"line":261,"column":4},"end":{"line":261,"column":59}},"151":{"start":{"line":264,"column":23},"end":{"line":295,"column":3}},"152":{"start":{"line":273,"column":4},"end":{"line":294,"column":23}},"153":{"start":{"line":299,"column":2},"end":{"line":532,"column":4}},"154":{"start":{"line":410,"column":40},"end":{"line":410,"column":69}},"155":{"start":{"line":420,"column":39},"end":{"line":420,"column":63}},"156":{"start":{"line":453,"column":40},"end":{"line":453,"column":79}},"157":{"start":{"line":454,"column":24},"end":{"line":454,"column":54}},"158":{"start":{"line":455,"column":24},"end":{"line":457,"column":25}},"159":{"start":{"line":456,"column":26},"end":{"line":456,"column":57}},"160":{"start":{"line":487,"column":40},"end":{"line":487,"column":79}},"161":{"start":{"line":488,"column":24},"end":{"line":488,"column":54}},"162":{"start":{"line":491,"column":24},"end":{"line":493,"column":25}},"163":{"start":{"line":492,"column":26},"end":{"line":492,"column":57}}},"fnMap":{"0":{"name":"Register","decl":{"start":{"line":20,"column":24},"end":{"line":20,"column":32}},"loc":{"start":{"line":20,"column":35},"end":{"line":533,"column":1}},"line":20},"1":{"name":"(anonymous_1)","decl":{"start":{"line":50,"column":12},"end":{"line":50,"column":13}},"loc":{"start":{"line":50,"column":18},"end":{"line":61,"column":3}},"line":50},"2":{"name":"(anonymous_2)","decl":{"start":{"line":51,"column":29},"end":{"line":51,"column":30}},"loc":{"start":{"line":51,"column":35},"end":{"line":59,"column":5}},"line":51},"3":{"name":"(anonymous_3)","decl":{"start":{"line":60,"column":11},"end":{"line":60,"column":12}},"loc":{"start":{"line":60,"column":17},"end":{"line":60,"column":36}},"line":60},"4":{"name":"(anonymous_4)","decl":{"start":{"line":63,"column":18},"end":{"line":63,"column":19}},"loc":{"start":{"line":63,"column":24},"end":{"line":78,"column":3}},"line":63},"5":{"name":"(anonymous_5)","decl":{"start":{"line":65,"column":29},"end":{"line":65,"column":30}},"loc":{"start":{"line":66,"column":8},"end":{"line":75,"column":27}},"line":66},"6":{"name":"(anonymous_6)","decl":{"start":{"line":67,"column":19},"end":{"line":67,"column":20}},"loc":{"start":{"line":67,"column":25},"end":{"line":67,"column":75}},"line":67},"7":{"name":"(anonymous_7)","decl":{"start":{"line":67,"column":33},"end":{"line":67,"column":34}},"loc":{"start":{"line":67,"column":43},"end":{"line":67,"column":74}},"line":67},"8":{"name":"(anonymous_8)","decl":{"start":{"line":93,"column":30},"end":{"line":93,"column":31}},"loc":{"start":{"line":93,"column":42},"end":{"line":121,"column":3}},"line":93},"9":{"name":"(anonymous_9)","decl":{"start":{"line":123,"column":30},"end":{"line":123,"column":31}},"loc":{"start":{"line":123,"column":42},"end":{"line":147,"column":3}},"line":123},"10":{"name":"(anonymous_10)","decl":{"start":{"line":149,"column":30},"end":{"line":149,"column":31}},"loc":{"start":{"line":149,"column":36},"end":{"line":163,"column":3}},"line":149},"11":{"name":"(anonymous_11)","decl":{"start":{"line":165,"column":30},"end":{"line":165,"column":31}},"loc":{"start":{"line":165,"column":42},"end":{"line":195,"column":3}},"line":165},"12":{"name":"(anonymous_12)","decl":{"start":{"line":197,"column":32},"end":{"line":197,"column":33}},"loc":{"start":{"line":197,"column":44},"end":{"line":233,"column":3}},"line":197},"13":{"name":"(anonymous_13)","decl":{"start":{"line":235,"column":27},"end":{"line":235,"column":28}},"loc":{"start":{"line":235,"column":39},"end":{"line":249,"column":3}},"line":235},"14":{"name":"(anonymous_14)","decl":{"start":{"line":251,"column":29},"end":{"line":251,"column":30}},"loc":{"start":{"line":251,"column":35},"end":{"line":254,"column":3}},"line":251},"15":{"name":"(anonymous_15)","decl":{"start":{"line":256,"column":28},"end":{"line":256,"column":29}},"loc":{"start":{"line":256,"column":34},"end":{"line":258,"column":3}},"line":256},"16":{"name":"(anonymous_16)","decl":{"start":{"line":264,"column":23},"end":{"line":264,"column":24}},"loc":{"start":{"line":273,"column":4},"end":{"line":294,"column":23}},"line":273},"17":{"name":"(anonymous_17)","decl":{"start":{"line":410,"column":30},"end":{"line":410,"column":31}},"loc":{"start":{"line":410,"column":40},"end":{"line":410,"column":69}},"line":410},"18":{"name":"(anonymous_18)","decl":{"start":{"line":420,"column":30},"end":{"line":420,"column":31}},"loc":{"start":{"line":420,"column":39},"end":{"line":420,"column":63}},"line":420},"19":{"name":"(anonymous_19)","decl":{"start":{"line":452,"column":36},"end":{"line":452,"column":37}},"loc":{"start":{"line":452,"column":46},"end":{"line":458,"column":23}},"line":452},"20":{"name":"(anonymous_20)","decl":{"start":{"line":486,"column":36},"end":{"line":486,"column":37}},"loc":{"start":{"line":486,"column":46},"end":{"line":489,"column":23}},"line":486},"21":{"name":"(anonymous_21)","decl":{"start":{"line":490,"column":34},"end":{"line":490,"column":35}},"loc":{"start":{"line":490,"column":55},"end":{"line":494,"column":23}},"line":490}},"branchMap":{"0":{"loc":{"start":{"line":52,"column":6},"end":{"line":58,"column":7}},"type":"if","locations":[{"start":{"line":52,"column":6},"end":{"line":58,"column":7}},{"start":{"line":54,"column":13},"end":{"line":58,"column":7}}],"line":52},"1":{"loc":{"start":{"line":54,"column":13},"end":{"line":58,"column":7}},"type":"if","locations":[{"start":{"line":54,"column":13},"end":{"line":58,"column":7}},{"start":{"line":56,"column":13},"end":{"line":58,"column":7}}],"line":54},"2":{"loc":{"start":{"line":56,"column":13},"end":{"line":58,"column":7}},"type":"if","locations":[{"start":{"line":56,"column":13},"end":{"line":58,"column":7}},{"start":{},"end":{}}],"line":56},"3":{"loc":{"start":{"line":65,"column":18},"end":{"line":76,"column":19}},"type":"cond-expr","locations":[{"start":{"line":65,"column":29},"end":{"line":76,"column":7}},{"start":{"line":76,"column":10},"end":{"line":76,"column":19}}],"line":65},"4":{"loc":{"start":{"line":95,"column":4},"end":{"line":98,"column":5}},"type":"if","locations":[{"start":{"line":95,"column":4},"end":{"line":98,"column":5}},{"start":{},"end":{}}],"line":95},"5":{"loc":{"start":{"line":100,"column":4},"end":{"line":103,"column":5}},"type":"if","locations":[{"start":{"line":100,"column":4},"end":{"line":103,"column":5}},{"start":{},"end":{}}],"line":100},"6":{"loc":{"start":{"line":109,"column":6},"end":{"line":112,"column":7}},"type":"if","locations":[{"start":{"line":109,"column":6},"end":{"line":112,"column":7}},{"start":{},"end":{}}],"line":109},"7":{"loc":{"start":{"line":126,"column":4},"end":{"line":129,"column":5}},"type":"if","locations":[{"start":{"line":126,"column":4},"end":{"line":129,"column":5}},{"start":{},"end":{}}],"line":126},"8":{"loc":{"start":{"line":135,"column":6},"end":{"line":138,"column":7}},"type":"if","locations":[{"start":{"line":135,"column":6},"end":{"line":138,"column":7}},{"start":{},"end":{}}],"line":135},"9":{"loc":{"start":{"line":153,"column":4},"end":{"line":156,"column":5}},"type":"if","locations":[{"start":{"line":153,"column":4},"end":{"line":156,"column":5}},{"start":{},"end":{}}],"line":153},"10":{"loc":{"start":{"line":153,"column":8},"end":{"line":153,"column":54}},"type":"binary-expr","locations":[{"start":{"line":153,"column":8},"end":{"line":153,"column":24}},{"start":{"line":153,"column":28},"end":{"line":153,"column":54}}],"line":153},"11":{"loc":{"start":{"line":157,"column":4},"end":{"line":160,"column":5}},"type":"if","locations":[{"start":{"line":157,"column":4},"end":{"line":160,"column":5}},{"start":{},"end":{}}],"line":157},"12":{"loc":{"start":{"line":166,"column":4},"end":{"line":169,"column":5}},"type":"if","locations":[{"start":{"line":166,"column":4},"end":{"line":169,"column":5}},{"start":{},"end":{}}],"line":166},"13":{"loc":{"start":{"line":180,"column":6},"end":{"line":191,"column":7}},"type":"if","locations":[{"start":{"line":180,"column":6},"end":{"line":191,"column":7}},{"start":{"line":183,"column":13},"end":{"line":191,"column":7}}],"line":180},"14":{"loc":{"start":{"line":183,"column":13},"end":{"line":191,"column":7}},"type":"if","locations":[{"start":{"line":183,"column":13},"end":{"line":191,"column":7}},{"start":{"line":186,"column":13},"end":{"line":191,"column":7}}],"line":183},"15":{"loc":{"start":{"line":186,"column":13},"end":{"line":191,"column":7}},"type":"if","locations":[{"start":{"line":186,"column":13},"end":{"line":191,"column":7}},{"start":{"line":189,"column":13},"end":{"line":191,"column":7}}],"line":186},"16":{"loc":{"start":{"line":201,"column":4},"end":{"line":204,"column":5}},"type":"if","locations":[{"start":{"line":201,"column":4},"end":{"line":204,"column":5}},{"start":{},"end":{}}],"line":201},"17":{"loc":{"start":{"line":210,"column":6},"end":{"line":213,"column":7}},"type":"if","locations":[{"start":{"line":210,"column":6},"end":{"line":213,"column":7}},{"start":{},"end":{}}],"line":210},"18":{"loc":{"start":{"line":221,"column":6},"end":{"line":229,"column":7}},"type":"if","locations":[{"start":{"line":221,"column":6},"end":{"line":229,"column":7}},{"start":{"line":223,"column":13},"end":{"line":229,"column":7}}],"line":221},"19":{"loc":{"start":{"line":223,"column":13},"end":{"line":229,"column":7}},"type":"if","locations":[{"start":{"line":223,"column":13},"end":{"line":229,"column":7}},{"start":{"line":225,"column":13},"end":{"line":229,"column":7}}],"line":223},"20":{"loc":{"start":{"line":225,"column":13},"end":{"line":229,"column":7}},"type":"if","locations":[{"start":{"line":225,"column":13},"end":{"line":229,"column":7}},{"start":{"line":227,"column":13},"end":{"line":229,"column":7}}],"line":225},"21":{"loc":{"start":{"line":241,"column":6},"end":{"line":245,"column":7}},"type":"if","locations":[{"start":{"line":241,"column":6},"end":{"line":245,"column":7}},{"start":{"line":243,"column":13},"end":{"line":245,"column":7}}],"line":241},"22":{"loc":{"start":{"line":260,"column":2},"end":{"line":262,"column":3}},"type":"if","locations":[{"start":{"line":260,"column":2},"end":{"line":262,"column":3}},{"start":{},"end":{}}],"line":260},"23":{"loc":{"start":{"line":280,"column":21},"end":{"line":280,"column":50}},"type":"cond-expr","locations":[{"start":{"line":280,"column":32},"end":{"line":280,"column":41}},{"start":{"line":280,"column":44},"end":{"line":280,"column":50}}],"line":280},"24":{"loc":{"start":{"line":281,"column":25},"end":{"line":283,"column":57}},"type":"cond-expr","locations":[{"start":{"line":282,"column":13},"end":{"line":282,"column":59}},{"start":{"line":283,"column":13},"end":{"line":283,"column":56}}],"line":281},"25":{"loc":{"start":{"line":282,"column":13},"end":{"line":282,"column":59}},"type":"cond-expr","locations":[{"start":{"line":282,"column":38},"end":{"line":282,"column":47}},{"start":{"line":282,"column":50},"end":{"line":282,"column":59}}],"line":282},"26":{"loc":{"start":{"line":283,"column":13},"end":{"line":283,"column":56}},"type":"cond-expr","locations":[{"start":{"line":283,"column":38},"end":{"line":283,"column":47}},{"start":{"line":283,"column":50},"end":{"line":283,"column":56}}],"line":283},"27":{"loc":{"start":{"line":287,"column":15},"end":{"line":289,"column":54}},"type":"cond-expr","locations":[{"start":{"line":288,"column":13},"end":{"line":288,"column":56}},{"start":{"line":289,"column":13},"end":{"line":289,"column":53}}],"line":287},"28":{"loc":{"start":{"line":288,"column":13},"end":{"line":288,"column":56}},"type":"cond-expr","locations":[{"start":{"line":288,"column":38},"end":{"line":288,"column":44}},{"start":{"line":288,"column":47},"end":{"line":288,"column":56}}],"line":288},"29":{"loc":{"start":{"line":289,"column":13},"end":{"line":289,"column":53}},"type":"cond-expr","locations":[{"start":{"line":289,"column":38},"end":{"line":289,"column":44}},{"start":{"line":289,"column":47},"end":{"line":289,"column":53}}],"line":289},"30":{"loc":{"start":{"line":290,"column":20},"end":{"line":290,"column":44}},"type":"cond-expr","locations":[{"start":{"line":290,"column":31},"end":{"line":290,"column":36}},{"start":{"line":290,"column":39},"end":{"line":290,"column":44}}],"line":290},"31":{"loc":{"start":{"line":312,"column":15},"end":{"line":312,"column":185}},"type":"cond-expr","locations":[{"start":{"line":312,"column":28},"end":{"line":312,"column":48}},{"start":{"line":312,"column":51},"end":{"line":312,"column":185}}],"line":312},"32":{"loc":{"start":{"line":312,"column":51},"end":{"line":312,"column":185}},"type":"cond-expr","locations":[{"start":{"line":312,"column":64},"end":{"line":312,"column":83}},{"start":{"line":312,"column":86},"end":{"line":312,"column":185}}],"line":312},"33":{"loc":{"start":{"line":312,"column":86},"end":{"line":312,"column":185}},"type":"cond-expr","locations":[{"start":{"line":312,"column":99},"end":{"line":312,"column":119}},{"start":{"line":312,"column":122},"end":{"line":312,"column":185}}],"line":312},"34":{"loc":{"start":{"line":312,"column":122},"end":{"line":312,"column":185}},"type":"cond-expr","locations":[{"start":{"line":312,"column":135},"end":{"line":312,"column":163}},{"start":{"line":312,"column":166},"end":{"line":312,"column":185}}],"line":312},"35":{"loc":{"start":{"line":316,"column":13},"end":{"line":525,"column":13}},"type":"cond-expr","locations":[{"start":{"line":317,"column":14},"end":{"line":339,"column":17}},{"start":{"line":340,"column":16},"end":{"line":525,"column":13}}],"line":316},"36":{"loc":{"start":{"line":327,"column":17},"end":{"line":332,"column":17}},"type":"binary-expr","locations":[{"start":{"line":327,"column":17},"end":{"line":327,"column":39}},{"start":{"line":328,"column":18},"end":{"line":331,"column":25}}],"line":327},"37":{"loc":{"start":{"line":340,"column":16},"end":{"line":525,"column":13}},"type":"cond-expr","locations":[{"start":{"line":341,"column":14},"end":{"line":359,"column":17}},{"start":{"line":360,"column":16},"end":{"line":525,"column":13}}],"line":340},"38":{"loc":{"start":{"line":351,"column":17},"end":{"line":356,"column":17}},"type":"binary-expr","locations":[{"start":{"line":351,"column":17},"end":{"line":351,"column":42}},{"start":{"line":352,"column":18},"end":{"line":355,"column":25}}],"line":351},"39":{"loc":{"start":{"line":360,"column":16},"end":{"line":525,"column":13}},"type":"cond-expr","locations":[{"start":{"line":361,"column":14},"end":{"line":400,"column":17}},{"start":{"line":401,"column":16},"end":{"line":525,"column":13}}],"line":360},"40":{"loc":{"start":{"line":382,"column":17},"end":{"line":397,"column":17}},"type":"binary-expr","locations":[{"start":{"line":382,"column":18},"end":{"line":382,"column":43}},{"start":{"line":382,"column":47},"end":{"line":382,"column":79}},{"start":{"line":383,"column":18},"end":{"line":396,"column":25}}],"line":382},"41":{"loc":{"start":{"line":384,"column":21},"end":{"line":389,"column":21}},"type":"binary-expr","locations":[{"start":{"line":384,"column":21},"end":{"line":384,"column":46}},{"start":{"line":385,"column":22},"end":{"line":388,"column":29}}],"line":384},"42":{"loc":{"start":{"line":390,"column":21},"end":{"line":395,"column":21}},"type":"binary-expr","locations":[{"start":{"line":390,"column":21},"end":{"line":390,"column":53}},{"start":{"line":391,"column":22},"end":{"line":394,"column":29}}],"line":390},"43":{"loc":{"start":{"line":401,"column":16},"end":{"line":525,"column":13}},"type":"cond-expr","locations":[{"start":{"line":402,"column":14},"end":{"line":425,"column":17}},{"start":{"line":427,"column":14},"end":{"line":524,"column":17}}],"line":401},"44":{"loc":{"start":{"line":441,"column":37},"end":{"line":441,"column":80}},"type":"cond-expr","locations":[{"start":{"line":441,"column":62},"end":{"line":441,"column":71}},{"start":{"line":441,"column":74},"end":{"line":441,"column":80}}],"line":441},"45":{"loc":{"start":{"line":444,"column":33},"end":{"line":444,"column":82}},"type":"cond-expr","locations":[{"start":{"line":444,"column":64},"end":{"line":444,"column":73}},{"start":{"line":444,"column":76},"end":{"line":444,"column":82}}],"line":444},"46":{"loc":{"start":{"line":455,"column":24},"end":{"line":457,"column":25}},"type":"if","locations":[{"start":{"line":455,"column":24},"end":{"line":457,"column":25}},{"start":{},"end":{}}],"line":455},"47":{"loc":{"start":{"line":465,"column":31},"end":{"line":465,"column":71}},"type":"cond-expr","locations":[{"start":{"line":465,"column":56},"end":{"line":465,"column":62}},{"start":{"line":465,"column":65},"end":{"line":465,"column":71}}],"line":465},"48":{"loc":{"start":{"line":475,"column":37},"end":{"line":475,"column":80}},"type":"cond-expr","locations":[{"start":{"line":475,"column":62},"end":{"line":475,"column":71}},{"start":{"line":475,"column":74},"end":{"line":475,"column":80}}],"line":475},"49":{"loc":{"start":{"line":478,"column":33},"end":{"line":478,"column":82}},"type":"cond-expr","locations":[{"start":{"line":478,"column":64},"end":{"line":478,"column":73}},{"start":{"line":478,"column":76},"end":{"line":478,"column":82}}],"line":478},"50":{"loc":{"start":{"line":491,"column":24},"end":{"line":493,"column":25}},"type":"if","locations":[{"start":{"line":491,"column":24},"end":{"line":493,"column":25}},{"start":{},"end":{}}],"line":491},"51":{"loc":{"start":{"line":491,"column":28},"end":{"line":491,"column":93}},"type":"binary-expr","locations":[{"start":{"line":491,"column":28},"end":{"line":491,"column":59}},{"start":{"line":491,"column":63},"end":{"line":491,"column":93}}],"line":491},"52":{"loc":{"start":{"line":501,"column":31},"end":{"line":501,"column":71}},"type":"cond-expr","locations":[{"start":{"line":501,"column":56},"end":{"line":501,"column":62}},{"start":{"line":501,"column":65},"end":{"line":501,"column":71}}],"line":501},"53":{"loc":{"start":{"line":510,"column":17},"end":{"line":515,"column":17}},"type":"binary-expr","locations":[{"start":{"line":510,"column":17},"end":{"line":510,"column":50}},{"start":{"line":511,"column":18},"end":{"line":514,"column":25}}],"line":510},"54":{"loc":{"start":{"line":519,"column":94},"end":{"line":519,"column":117}},"type":"cond-expr","locations":[{"start":{"line":519,"column":110},"end":{"line":519,"column":113}},{"start":{"line":519,"column":116},"end":{"line":519,"column":117}}],"line":519},"55":{"loc":{"start":{"line":521,"column":21},"end":{"line":521,"column":90}},"type":"cond-expr","locations":[{"start":{"line":521,"column":37},"end":{"line":521,"column":52}},{"start":{"line":521,"column":55},"end":{"line":521,"column":90}}],"line":521},"56":{"loc":{"start":{"line":527,"column":11},"end":{"line":527,"column":101}},"type":"binary-expr","locations":[{"start":{"line":527,"column":11},"end":{"line":527,"column":16}},{"start":{"line":527,"column":20},"end":{"line":527,"column":101}}],"line":527}},"s":{"0":0,"1":0,"2":0,"3":0,"4":0,"5":0,"6":0,"7":0,"8":0,"9":0,"10":0,"11":0,"12":0,"13":0,"14":0,"15":0,"16":0,"17":0,"18":0,"19":0,"20":0,"21":0,"22":0,"23":0,"24":0,"25":0,"26":0,"27":0,"28":0,"29":0,"30":0,"31":0,"32":0,"33":0,"34":0,"35":0,"36":0,"37":0,"38":0,"39":0,"40":0,"41":0,"42":0,"43":0,"44":0,"45":0,"46":0,"47":0,"48":0,"49":0,"50":0,"51":0,"52":0,"53":0,"54":0,"55":0,"56":0,"57":0,"58":0,"59":0,"60":0,"61":0,"62":0,"63":0,"64":0,"65":0,"66":0,"67":0,"68":0,"69":0,"70":0,"71":0,"72":0,"73":0,"74":0,"75":0,"76":0,"77":0,"78":0,"79":0,"80":0,"81":0,"82":0,"83":0,"84":0,"85":0,"86":0,"87":0,"88":0,"89":0,"90":0,"91":0,"92":0,"93":0,"94":0,"95":0,"96":0,"97":0,"98":0,"99":0,"100":0,"101":0,"102":0,"103":0,"104":0,"105":0,"106":0,"107":0,"108":0,"109":0,"110":0,"111":0,"112":0,"113":0,"114":0,"115":0,"116":0,"117":0,"118":0,"119":0,"120":0,"121":0,"122":0,"123":0,"124":0,"125":0,"126":0,"127":0,"128":0,"129":0,"130":0,"131":0,"132":0,"133":0,"134":0,"135":0,"136":0,"137":0,"138":0,"139":0,"140":0,"141":0,"142":0,"143":0,"144":0,"145":0,"146":0,"147":0,"148":0,"149":0,"150":0,"151":0,"152":0,"153":0,"154":0,"155":0,"156":0,"157":0,"158":0,"159":0,"160":0,"161":0,"162":0,"163":0},"f":{"0":0,"1":0,"2":0,"3":0,"4":0,"5":0,"6":0,"7":0,"8":0,"9":0,"10":0,"11":0,"12":0,"13":0,"14":0,"15":0,"16":0,"17":0,"18":0,"19":0,"20":0,"21":0},"b":{"0":[0,0],"1":[0,0],"2":[0,0],"3":[0,0],"4":[0,0],"5":[0,0],"6":[0,0],"7":[0,0],"8":[0,0],"9":[0,0],"10":[0,0],"11":[0,0],"12":[0,0],"13":[0,0],"14":[0,0],"15":[0,0],"16":[0,0],"17":[0,0],"18":[0,0],"19":[0,0],"20":[0,0],"21":[0,0],"22":[0,0],"23":[0,0],"24":[0,0],"25":[0,0],"26":[0,0],"27":[0,0],"28":[0,0],"29":[0,0],"30":[0,0],"31":[0,0],"32":[0,0],"33":[0,0],"34":[0,0],"35":[0,0],"36":[0,0],"37":[0,0],"38":[0,0],"39":[0,0],"40":[0,0,0],"41":[0,0],"42":[0,0],"43":[0,0],"44":[0,0],"45":[0,0],"46":[0,0],"47":[0,0],"48":[0,0],"49":[0,0],"50":[0,0],"51":[0,0],"52":[0,0],"53":[0,0],"54":[0,0],"55":[0,0],"56":[0,0]}}
,"C:\\Users\\diego\\Desktop\\CUARTO INFORMATICA\\TFG\\ecos-do-sur-app\\frontend\\app\\(tabs)\\VersionDetails.tsx": {"path":"C:\\Users\\diego\\Desktop\\CUARTO INFORMATICA\\TFG\\ecos-do-sur-app\\frontend\\app\\(tabs)\\VersionDetails.tsx","statementMap":{"0":{"start":{"line":6,"column":22},"end":{"line":6,"column":38}},"1":{"start":{"line":7,"column":17},"end":{"line":7,"column":39}},"2":{"start":{"line":8,"column":14},"end":{"line":13,"column":3}},"3":{"start":{"line":9,"column":4},"end":{"line":12,"column":11}},"4":{"start":{"line":15,"column":2},"end":{"line":41,"column":3}}},"fnMap":{"0":{"name":"VersionDetails","decl":{"start":{"line":5,"column":24},"end":{"line":5,"column":38}},"loc":{"start":{"line":5,"column":41},"end":{"line":42,"column":1}},"line":5},"1":{"name":"(anonymous_1)","decl":{"start":{"line":8,"column":14},"end":{"line":8,"column":15}},"loc":{"start":{"line":9,"column":4},"end":{"line":12,"column":11}},"line":9}},"branchMap":{"0":{"loc":{"start":{"line":9,"column":57},"end":{"line":9,"column":70}},"type":"cond-expr","locations":[{"start":{"line":9,"column":65},"end":{"line":9,"column":66}},{"start":{"line":9,"column":69},"end":{"line":9,"column":70}}],"line":9},"1":{"loc":{"start":{"line":9,"column":85},"end":{"line":9,"column":115}},"type":"cond-expr","locations":[{"start":{"line":9,"column":94},"end":{"line":9,"column":103}},{"start":{"line":9,"column":106},"end":{"line":9,"column":115}}],"line":9},"2":{"loc":{"start":{"line":10,"column":64},"end":{"line":10,"column":88}},"type":"cond-expr","locations":[{"start":{"line":10,"column":73},"end":{"line":10,"column":79}},{"start":{"line":10,"column":82},"end":{"line":10,"column":88}}],"line":10},"3":{"loc":{"start":{"line":11,"column":64},"end":{"line":11,"column":94}},"type":"cond-expr","locations":[{"start":{"line":11,"column":73},"end":{"line":11,"column":82}},{"start":{"line":11,"column":85},"end":{"line":11,"column":94}}],"line":11},"4":{"loc":{"start":{"line":16,"column":64},"end":{"line":16,"column":91}},"type":"cond-expr","locations":[{"start":{"line":16,"column":73},"end":{"line":16,"column":79}},{"start":{"line":16,"column":82},"end":{"line":16,"column":91}}],"line":16},"5":{"loc":{"start":{"line":17,"column":80},"end":{"line":17,"column":104}},"type":"cond-expr","locations":[{"start":{"line":17,"column":89},"end":{"line":17,"column":95}},{"start":{"line":17,"column":98},"end":{"line":17,"column":104}}],"line":17},"6":{"loc":{"start":{"line":19,"column":42},"end":{"line":19,"column":72}},"type":"cond-expr","locations":[{"start":{"line":19,"column":51},"end":{"line":19,"column":60}},{"start":{"line":19,"column":63},"end":{"line":19,"column":72}}],"line":19},"7":{"loc":{"start":{"line":20,"column":50},"end":{"line":20,"column":80}},"type":"cond-expr","locations":[{"start":{"line":20,"column":59},"end":{"line":20,"column":68}},{"start":{"line":20,"column":71},"end":{"line":20,"column":80}}],"line":20},"8":{"loc":{"start":{"line":20,"column":137},"end":{"line":20,"column":167}},"type":"cond-expr","locations":[{"start":{"line":20,"column":146},"end":{"line":20,"column":155}},{"start":{"line":20,"column":158},"end":{"line":20,"column":167}}],"line":20},"9":{"loc":{"start":{"line":26,"column":42},"end":{"line":26,"column":72}},"type":"cond-expr","locations":[{"start":{"line":26,"column":51},"end":{"line":26,"column":60}},{"start":{"line":26,"column":63},"end":{"line":26,"column":72}}],"line":26},"10":{"loc":{"start":{"line":27,"column":50},"end":{"line":27,"column":80}},"type":"cond-expr","locations":[{"start":{"line":27,"column":59},"end":{"line":27,"column":68}},{"start":{"line":27,"column":71},"end":{"line":27,"column":80}}],"line":27},"11":{"loc":{"start":{"line":27,"column":137},"end":{"line":27,"column":167}},"type":"cond-expr","locations":[{"start":{"line":27,"column":146},"end":{"line":27,"column":155}},{"start":{"line":27,"column":158},"end":{"line":27,"column":167}}],"line":27},"12":{"loc":{"start":{"line":33,"column":42},"end":{"line":33,"column":72}},"type":"cond-expr","locations":[{"start":{"line":33,"column":51},"end":{"line":33,"column":60}},{"start":{"line":33,"column":63},"end":{"line":33,"column":72}}],"line":33},"13":{"loc":{"start":{"line":34,"column":50},"end":{"line":34,"column":80}},"type":"cond-expr","locations":[{"start":{"line":34,"column":59},"end":{"line":34,"column":68}},{"start":{"line":34,"column":71},"end":{"line":34,"column":80}}],"line":34},"14":{"loc":{"start":{"line":34,"column":137},"end":{"line":34,"column":167}},"type":"cond-expr","locations":[{"start":{"line":34,"column":146},"end":{"line":34,"column":155}},{"start":{"line":34,"column":158},"end":{"line":34,"column":167}}],"line":34}},"s":{"0":0,"1":0,"2":0,"3":0,"4":0},"f":{"0":0,"1":0},"b":{"0":[0,0],"1":[0,0],"2":[0,0],"3":[0,0],"4":[0,0],"5":[0,0],"6":[0,0],"7":[0,0],"8":[0,0],"9":[0,0],"10":[0,0],"11":[0,0],"12":[0,0],"13":[0,0],"14":[0,0]}}
,"C:\\Users\\diego\\Desktop\\CUARTO INFORMATICA\\TFG\\ecos-do-sur-app\\frontend\\app\\(tabs)\\_layout.tsx": {"path":"C:\\Users\\diego\\Desktop\\CUARTO INFORMATICA\\TFG\\ecos-do-sur-app\\frontend\\app\\(tabs)\\_layout.tsx","statementMap":{"0":{"start":{"line":11,"column":23},"end":{"line":11,"column":32}},"1":{"start":{"line":13,"column":2},"end":{"line":19,"column":3}},"2":{"start":{"line":14,"column":4},"end":{"line":18,"column":6}},"3":{"start":{"line":22,"column":2},"end":{"line":63,"column":4}},"4":{"start":{"line":33,"column":16},"end":{"line":39,"column":35}},"5":{"start":{"line":35,"column":20},"end":{"line":35,"column":34}},"6":{"start":{"line":42,"column":16},"end":{"line":48,"column":35}},"7":{"start":{"line":43,"column":33},"end":{"line":43,"column":46}}},"fnMap":{"0":{"name":"TabLayout","decl":{"start":{"line":10,"column":24},"end":{"line":10,"column":33}},"loc":{"start":{"line":10,"column":36},"end":{"line":64,"column":1}},"line":10},"1":{"name":"(anonymous_1)","decl":{"start":{"line":32,"column":27},"end":{"line":32,"column":28}},"loc":{"start":{"line":33,"column":16},"end":{"line":39,"column":35}},"line":33},"2":{"name":"(anonymous_2)","decl":{"start":{"line":34,"column":27},"end":{"line":34,"column":28}},"loc":{"start":{"line":34,"column":33},"end":{"line":36,"column":19}},"line":34},"3":{"name":"(anonymous_3)","decl":{"start":{"line":41,"column":26},"end":{"line":41,"column":27}},"loc":{"start":{"line":42,"column":16},"end":{"line":48,"column":35}},"line":42},"4":{"name":"(anonymous_4)","decl":{"start":{"line":43,"column":27},"end":{"line":43,"column":28}},"loc":{"start":{"line":43,"column":33},"end":{"line":43,"column":46}},"line":43}},"branchMap":{"0":{"loc":{"start":{"line":13,"column":2},"end":{"line":19,"column":3}},"type":"if","locations":[{"start":{"line":13,"column":2},"end":{"line":19,"column":3}},{"start":{},"end":{}}],"line":13}},"s":{"0":0,"1":0,"2":0,"3":0,"4":0,"5":0,"6":0,"7":0},"f":{"0":0,"1":0,"2":0,"3":0,"4":0},"b":{"0":[0,0]}}
,"C:\\Users\\diego\\Desktop\\CUARTO INFORMATICA\\TFG\\ecos-do-sur-app\\frontend\\app\\(tabs)\\explore.tsx": {"path":"C:\\Users\\diego\\Desktop\\CUARTO INFORMATICA\\TFG\\ecos-do-sur-app\\frontend\\app\\(tabs)\\explore.tsx","statementMap":{"0":{"start":{"line":13,"column":2},"end":{"line":98,"column":4}},"1":{"start":{"line":101,"column":15},"end":{"line":112,"column":2}}},"fnMap":{"0":{"name":"TabTwoScreen","decl":{"start":{"line":12,"column":24},"end":{"line":12,"column":36}},"loc":{"start":{"line":12,"column":39},"end":{"line":99,"column":1}},"line":12}},"branchMap":{},"s":{"0":0,"1":0},"f":{"0":0},"b":{}}
,"C:\\Users\\diego\\Desktop\\CUARTO INFORMATICA\\TFG\\ecos-do-sur-app\\frontend\\app\\(tabs)\\(drawer)\\_layout.tsx": {"path":"C:\\Users\\diego\\Desktop\\CUARTO INFORMATICA\\TFG\\ecos-do-sur-app\\frontend\\app\\(tabs)\\(drawer)\\_layout.tsx","statementMap":{"0":{"start":{"line":24,"column":22},"end":{"line":29,"column":1}},"1":{"start":{"line":25,"column":24},"end":{"line":25,"column":40}},"2":{"start":{"line":26,"column":2},"end":{"line":28,"column":4}},"3":{"start":{"line":31,"column":25},"end":{"line":41,"column":1}},"4":{"start":{"line":32,"column":21},"end":{"line":32,"column":36}},"5":{"start":{"line":33,"column":21},"end":{"line":33,"column":79}},"6":{"start":{"line":33,"column":29},"end":{"line":33,"column":77}},"7":{"start":{"line":34,"column":2},"end":{"line":40,"column":4}},"8":{"start":{"line":43,"column":35},"end":{"line":129,"column":1}},"9":{"start":{"line":44,"column":19},"end":{"line":44,"column":28}},"10":{"start":{"line":45,"column":42},"end":{"line":45,"column":71}},"11":{"start":{"line":46,"column":16},"end":{"line":46,"column":32}},"12":{"start":{"line":47,"column":23},"end":{"line":47,"column":51}},"13":{"start":{"line":48,"column":32},"end":{"line":48,"column":52}},"14":{"start":{"line":49,"column":13},"end":{"line":49,"column":31}},"15":{"start":{"line":50,"column":23},"end":{"line":50,"column":68}},"16":{"start":{"line":52,"column":2},"end":{"line":54,"column":21}},"17":{"start":{"line":53,"column":4},"end":{"line":53,"column":16}},"18":{"start":{"line":57,"column":2},"end":{"line":62,"column":9}},"19":{"start":{"line":58,"column":21},"end":{"line":60,"column":12}},"20":{"start":{"line":59,"column":6},"end":{"line":59,"column":18}},"21":{"start":{"line":61,"column":4},"end":{"line":61,"column":41}},"22":{"start":{"line":61,"column":17},"end":{"line":61,"column":40}},"23":{"start":{"line":64,"column":2},"end":{"line":68,"column":21}},"24":{"start":{"line":65,"column":4},"end":{"line":67,"column":5}},"25":{"start":{"line":66,"column":6},"end":{"line":66,"column":28}},"26":{"start":{"line":71,"column":20},"end":{"line":74,"column":3}},"27":{"start":{"line":72,"column":19},"end":{"line":72,"column":49}},"28":{"start":{"line":73,"column":4},"end":{"line":73,"column":23}},"29":{"start":{"line":77,"column":27},"end":{"line":82,"column":3}},"30":{"start":{"line":78,"column":4},"end":{"line":78,"column":28}},"31":{"start":{"line":79,"column":4},"end":{"line":81,"column":5}},"32":{"start":{"line":84,"column":2},"end":{"line":127,"column":3}},"33":{"start":{"line":105,"column":29},"end":{"line":105,"column":50}},"34":{"start":{"line":114,"column":39},"end":{"line":114,"column":78}},"35":{"start":{"line":132,"column":15},"end":{"line":240,"column":1}},"36":{"start":{"line":133,"column":19},"end":{"line":133,"column":28}},"37":{"start":{"line":134,"column":16},"end":{"line":134,"column":32}},"38":{"start":{"line":135,"column":2},"end":{"line":239,"column":3}},"39":{"start":{"line":168,"column":14},"end":{"line":170,"column":21}},"40":{"start":{"line":172,"column":31},"end":{"line":172,"column":48}},"41":{"start":{"line":181,"column":14},"end":{"line":183,"column":21}},"42":{"start":{"line":185,"column":30},"end":{"line":185,"column":50}},"43":{"start":{"line":194,"column":14},"end":{"line":196,"column":21}},"44":{"start":{"line":198,"column":30},"end":{"line":198,"column":50}},"45":{"start":{"line":217,"column":14},"end":{"line":225,"column":21}}},"fnMap":{"0":{"name":"(anonymous_0)","decl":{"start":{"line":24,"column":22},"end":{"line":24,"column":23}},"loc":{"start":{"line":24,"column":28},"end":{"line":29,"column":1}},"line":24},"1":{"name":"(anonymous_1)","decl":{"start":{"line":31,"column":25},"end":{"line":31,"column":26}},"loc":{"start":{"line":31,"column":31},"end":{"line":41,"column":1}},"line":31},"2":{"name":"(anonymous_2)","decl":{"start":{"line":33,"column":21},"end":{"line":33,"column":22}},"loc":{"start":{"line":33,"column":27},"end":{"line":33,"column":79}},"line":33},"3":{"name":"(anonymous_3)","decl":{"start":{"line":43,"column":35},"end":{"line":43,"column":36}},"loc":{"start":{"line":43,"column":51},"end":{"line":129,"column":1}},"line":43},"4":{"name":"(anonymous_4)","decl":{"start":{"line":52,"column":12},"end":{"line":52,"column":13}},"loc":{"start":{"line":52,"column":18},"end":{"line":54,"column":3}},"line":52},"5":{"name":"(anonymous_5)","decl":{"start":{"line":57,"column":12},"end":{"line":57,"column":13}},"loc":{"start":{"line":57,"column":18},"end":{"line":62,"column":3}},"line":57},"6":{"name":"(anonymous_6)","decl":{"start":{"line":58,"column":33},"end":{"line":58,"column":34}},"loc":{"start":{"line":58,"column":39},"end":{"line":60,"column":5}},"line":58},"7":{"name":"(anonymous_7)","decl":{"start":{"line":61,"column":11},"end":{"line":61,"column":12}},"loc":{"start":{"line":61,"column":17},"end":{"line":61,"column":40}},"line":61},"8":{"name":"(anonymous_8)","decl":{"start":{"line":64,"column":12},"end":{"line":64,"column":13}},"loc":{"start":{"line":64,"column":18},"end":{"line":68,"column":3}},"line":64},"9":{"name":"(anonymous_9)","decl":{"start":{"line":71,"column":20},"end":{"line":71,"column":21}},"loc":{"start":{"line":71,"column":32},"end":{"line":74,"column":3}},"line":71},"10":{"name":"(anonymous_10)","decl":{"start":{"line":77,"column":27},"end":{"line":77,"column":28}},"loc":{"start":{"line":77,"column":47},"end":{"line":82,"column":3}},"line":77},"11":{"name":"(anonymous_11)","decl":{"start":{"line":105,"column":23},"end":{"line":105,"column":24}},"loc":{"start":{"line":105,"column":29},"end":{"line":105,"column":50}},"line":105},"12":{"name":"(anonymous_12)","decl":{"start":{"line":114,"column":33},"end":{"line":114,"column":34}},"loc":{"start":{"line":114,"column":39},"end":{"line":114,"column":78}},"line":114},"13":{"name":"(anonymous_13)","decl":{"start":{"line":132,"column":15},"end":{"line":132,"column":16}},"loc":{"start":{"line":132,"column":21},"end":{"line":240,"column":1}},"line":132},"14":{"name":"(anonymous_14)","decl":{"start":{"line":167,"column":24},"end":{"line":167,"column":25}},"loc":{"start":{"line":168,"column":14},"end":{"line":170,"column":21}},"line":168},"15":{"name":"(anonymous_15)","decl":{"start":{"line":172,"column":25},"end":{"line":172,"column":26}},"loc":{"start":{"line":172,"column":31},"end":{"line":172,"column":48}},"line":172},"16":{"name":"(anonymous_16)","decl":{"start":{"line":180,"column":24},"end":{"line":180,"column":25}},"loc":{"start":{"line":181,"column":14},"end":{"line":183,"column":21}},"line":181},"17":{"name":"(anonymous_17)","decl":{"start":{"line":185,"column":24},"end":{"line":185,"column":25}},"loc":{"start":{"line":185,"column":30},"end":{"line":185,"column":50}},"line":185},"18":{"name":"(anonymous_18)","decl":{"start":{"line":193,"column":24},"end":{"line":193,"column":25}},"loc":{"start":{"line":194,"column":14},"end":{"line":196,"column":21}},"line":194},"19":{"name":"(anonymous_19)","decl":{"start":{"line":198,"column":24},"end":{"line":198,"column":25}},"loc":{"start":{"line":198,"column":30},"end":{"line":198,"column":50}},"line":198},"20":{"name":"(anonymous_20)","decl":{"start":{"line":216,"column":25},"end":{"line":216,"column":26}},"loc":{"start":{"line":217,"column":14},"end":{"line":225,"column":21}},"line":217}},"branchMap":{"0":{"loc":{"start":{"line":65,"column":4},"end":{"line":67,"column":5}},"type":"if","locations":[{"start":{"line":65,"column":4},"end":{"line":67,"column":5}},{"start":{},"end":{}}],"line":65},"1":{"loc":{"start":{"line":91,"column":9},"end":{"line":108,"column":9}},"type":"cond-expr","locations":[{"start":{"line":92,"column":10},"end":{"line":98,"column":12}},{"start":{"line":100,"column":10},"end":{"line":107,"column":17}}],"line":91},"2":{"loc":{"start":{"line":120,"column":25},"end":{"line":120,"column":61}},"type":"binary-expr","locations":[{"start":{"line":120,"column":25},"end":{"line":120,"column":39}},{"start":{"line":120,"column":43},"end":{"line":120,"column":61}}],"line":120},"3":{"loc":{"start":{"line":188,"column":9},"end":{"line":205,"column":9}},"type":"binary-expr","locations":[{"start":{"line":188,"column":9},"end":{"line":188,"column":13}},{"start":{"line":188,"column":17},"end":{"line":188,"column":38}},{"start":{"line":189,"column":10},"end":{"line":204,"column":10}}],"line":188}},"s":{"0":0,"1":0,"2":0,"3":0,"4":0,"5":0,"6":0,"7":0,"8":0,"9":0,"10":0,"11":0,"12":0,"13":0,"14":0,"15":0,"16":0,"17":0,"18":0,"19":0,"20":0,"21":0,"22":0,"23":0,"24":0,"25":0,"26":0,"27":0,"28":0,"29":0,"30":0,"31":0,"32":0,"33":0,"34":0,"35":0,"36":0,"37":0,"38":0,"39":0,"40":0,"41":0,"42":0,"43":0,"44":0,"45":0},"f":{"0":0,"1":0,"2":0,"3":0,"4":0,"5":0,"6":0,"7":0,"8":0,"9":0,"10":0,"11":0,"12":0,"13":0,"14":0,"15":0,"16":0,"17":0,"18":0,"19":0,"20":0},"b":{"0":[0,0],"1":[0,0],"2":[0,0],"3":[0,0,0]}}
,"C:\\Users\\diego\\Desktop\\CUARTO INFORMATICA\\TFG\\ecos-do-sur-app\\frontend\\app\\(tabs)\\(drawer)\\admin-panel.tsx": {"path":"C:\\Users\\diego\\Desktop\\CUARTO INFORMATICA\\TFG\\ecos-do-sur-app\\frontend\\app\\(tabs)\\(drawer)\\admin-panel.tsx","statementMap":{"0":{"start":{"line":10,"column":17},"end":{"line":14,"column":1}},"1":{"start":{"line":16,"column":19},"end":{"line":51,"column":1}},"2":{"start":{"line":17,"column":44},"end":{"line":17,"column":76}},"3":{"start":{"line":19,"column":2},"end":{"line":50,"column":3}},"4":{"start":{"line":25,"column":40},"end":{"line":25,"column":76}}},"fnMap":{"0":{"name":"(anonymous_0)","decl":{"start":{"line":16,"column":19},"end":{"line":16,"column":20}},"loc":{"start":{"line":16,"column":25},"end":{"line":51,"column":1}},"line":16},"1":{"name":"(anonymous_1)","decl":{"start":{"line":25,"column":27},"end":{"line":25,"column":28}},"loc":{"start":{"line":25,"column":40},"end":{"line":25,"column":76}},"line":25}},"branchMap":{"0":{"loc":{"start":{"line":31,"column":9},"end":{"line":35,"column":9}},"type":"binary-expr","locations":[{"start":{"line":31,"column":9},"end":{"line":31,"column":34}},{"start":{"line":32,"column":10},"end":{"line":34,"column":17}}],"line":31},"1":{"loc":{"start":{"line":37,"column":9},"end":{"line":41,"column":9}},"type":"binary-expr","locations":[{"start":{"line":37,"column":9},"end":{"line":37,"column":37}},{"start":{"line":38,"column":10},"end":{"line":40,"column":17}}],"line":37},"2":{"loc":{"start":{"line":43,"column":9},"end":{"line":47,"column":9}},"type":"binary-expr","locations":[{"start":{"line":43,"column":9},"end":{"line":43,"column":38}},{"start":{"line":44,"column":10},"end":{"line":46,"column":17}}],"line":43}},"s":{"0":0,"1":0,"2":0,"3":0,"4":0},"f":{"0":0,"1":0},"b":{"0":[0,0],"1":[0,0],"2":[0,0]}}
,"C:\\Users\\diego\\Desktop\\CUARTO INFORMATICA\\TFG\\ecos-do-sur-app\\frontend\\app\\(tabs)\\(drawer)\\explore.tsx": {"path":"C:\\Users\\diego\\Desktop\\CUARTO INFORMATICA\\TFG\\ecos-do-sur-app\\frontend\\app\\(tabs)\\(drawer)\\explore.tsx","statementMap":{"0":{"start":{"line":5,"column":20},"end":{"line":19,"column":1}},"1":{"start":{"line":6,"column":2},"end":{"line":18,"column":3}},"2":{"start":{"line":12,"column":10},"end":{"line":14,"column":17}}},"fnMap":{"0":{"name":"(anonymous_0)","decl":{"start":{"line":5,"column":20},"end":{"line":5,"column":21}},"loc":{"start":{"line":5,"column":26},"end":{"line":19,"column":1}},"line":5},"1":{"name":"(anonymous_1)","decl":{"start":{"line":11,"column":23},"end":{"line":11,"column":24}},"loc":{"start":{"line":12,"column":10},"end":{"line":14,"column":17}},"line":12}},"branchMap":{},"s":{"0":0,"1":0,"2":0},"f":{"0":0,"1":0},"b":{}}
,"C:\\Users\\diego\\Desktop\\CUARTO INFORMATICA\\TFG\\ecos-do-sur-app\\frontend\\app\\(tabs)\\(drawer)\\(chat)\\[id].tsx": {"path":"C:\\Users\\diego\\Desktop\\CUARTO INFORMATICA\\TFG\\ecos-do-sur-app\\frontend\\app\\(tabs)\\(drawer)\\(chat)\\[id].tsx","statementMap":{},"fnMap":{},"branchMap":{},"s":{},"f":{},"b":{}}
,"C:\\Users\\diego\\Desktop\\CUARTO INFORMATICA\\TFG\\ecos-do-sur-app\\frontend\\app\\(tabs)\\(drawer)\\(chat)\\new.tsx": {"path":"C:\\Users\\diego\\Desktop\\CUARTO INFORMATICA\\TFG\\ecos-do-sur-app\\frontend\\app\\(tabs)\\(drawer)\\(chat)\\new.tsx","statementMap":{},"fnMap":{},"branchMap":{},"s":{},"f":{},"b":{}}
,"C:\\Users\\diego\\Desktop\\CUARTO INFORMATICA\\TFG\\ecos-do-sur-app\\frontend\\app\\(tabs)\\(modal)\\settings\\_layout.tsx": {"path":"C:\\Users\\diego\\Desktop\\CUARTO INFORMATICA\\TFG\\ecos-do-sur-app\\frontend\\app\\(tabs)\\(modal)\\settings\\_layout.tsx","statementMap":{"0":{"start":{"line":6,"column":2},"end":{"line":38,"column":4}}},"fnMap":{"0":{"name":"SettingsLayout","decl":{"start":{"line":5,"column":24},"end":{"line":5,"column":38}},"loc":{"start":{"line":5,"column":41},"end":{"line":39,"column":1}},"line":5}},"branchMap":{},"s":{"0":0},"f":{"0":0},"b":{}}
,"C:\\Users\\diego\\Desktop\\CUARTO INFORMATICA\\TFG\\ecos-do-sur-app\\frontend\\app\\(tabs)\\(modal)\\settings\\change-personal-info.tsx": {"path":"C:\\Users\\diego\\Desktop\\CUARTO INFORMATICA\\TFG\\ecos-do-sur-app\\frontend\\app\\(tabs)\\(modal)\\settings\\change-personal-info.tsx","statementMap":{"0":{"start":{"line":13,"column":31},"end":{"line":181,"column":1}},"1":{"start":{"line":14,"column":16},"end":{"line":14,"column":32}},"2":{"start":{"line":15,"column":22},"end":{"line":15,"column":38}},"3":{"start":{"line":16,"column":19},"end":{"line":16,"column":28}},"4":{"start":{"line":18,"column":34},"end":{"line":18,"column":64}},"5":{"start":{"line":19,"column":48},"end":{"line":19,"column":60}},"6":{"start":{"line":20,"column":40},"end":{"line":20,"column":52}},"7":{"start":{"line":21,"column":48},"end":{"line":21,"column":60}},"8":{"start":{"line":22,"column":56},"end":{"line":22,"column":71}},"9":{"start":{"line":23,"column":48},"end":{"line":23,"column":63}},"10":{"start":{"line":24,"column":56},"end":{"line":24,"column":71}},"11":{"start":{"line":26,"column":31},"end":{"line":51,"column":3}},"12":{"start":{"line":27,"column":4},"end":{"line":30,"column":5}},"13":{"start":{"line":28,"column":6},"end":{"line":28,"column":72}},"14":{"start":{"line":29,"column":6},"end":{"line":29,"column":13}},"15":{"start":{"line":32,"column":4},"end":{"line":50,"column":6}},"16":{"start":{"line":40,"column":12},"end":{"line":40,"column":30}},"17":{"start":{"line":40,"column":23},"end":{"line":40,"column":30}},"18":{"start":{"line":41,"column":12},"end":{"line":46,"column":13}},"19":{"start":{"line":42,"column":14},"end":{"line":42,"column":64}},"20":{"start":{"line":43,"column":14},"end":{"line":43,"column":68}},"21":{"start":{"line":45,"column":14},"end":{"line":45,"column":81}},"22":{"start":{"line":53,"column":31},"end":{"line":86,"column":3}},"23":{"start":{"line":54,"column":4},"end":{"line":57,"column":5}},"24":{"start":{"line":55,"column":6},"end":{"line":55,"column":64}},"25":{"start":{"line":56,"column":6},"end":{"line":56,"column":13}},"26":{"start":{"line":59,"column":4},"end":{"line":62,"column":5}},"27":{"start":{"line":60,"column":6},"end":{"line":60,"column":59}},"28":{"start":{"line":61,"column":6},"end":{"line":61,"column":13}},"29":{"start":{"line":64,"column":4},"end":{"line":67,"column":5}},"30":{"start":{"line":65,"column":6},"end":{"line":65,"column":77}},"31":{"start":{"line":66,"column":6},"end":{"line":66,"column":13}},"32":{"start":{"line":69,"column":4},"end":{"line":85,"column":6}},"33":{"start":{"line":78,"column":12},"end":{"line":78,"column":59}},"34":{"start":{"line":79,"column":12},"end":{"line":79,"column":35}},"35":{"start":{"line":80,"column":12},"end":{"line":80,"column":31}},"36":{"start":{"line":81,"column":12},"end":{"line":81,"column":35}},"37":{"start":{"line":88,"column":2},"end":{"line":180,"column":3}}},"fnMap":{"0":{"name":"(anonymous_0)","decl":{"start":{"line":13,"column":31},"end":{"line":13,"column":32}},"loc":{"start":{"line":13,"column":37},"end":{"line":181,"column":1}},"line":13},"1":{"name":"(anonymous_1)","decl":{"start":{"line":26,"column":31},"end":{"line":26,"column":32}},"loc":{"start":{"line":26,"column":37},"end":{"line":51,"column":3}},"line":26},"2":{"name":"(anonymous_2)","decl":{"start":{"line":39,"column":19},"end":{"line":39,"column":20}},"loc":{"start":{"line":39,"column":25},"end":{"line":47,"column":11}},"line":39},"3":{"name":"(anonymous_3)","decl":{"start":{"line":53,"column":31},"end":{"line":53,"column":32}},"loc":{"start":{"line":53,"column":37},"end":{"line":86,"column":3}},"line":53},"4":{"name":"(anonymous_4)","decl":{"start":{"line":76,"column":19},"end":{"line":76,"column":20}},"loc":{"start":{"line":76,"column":25},"end":{"line":82,"column":11}},"line":76}},"branchMap":{"0":{"loc":{"start":{"line":18,"column":43},"end":{"line":18,"column":63}},"type":"binary-expr","locations":[{"start":{"line":18,"column":43},"end":{"line":18,"column":57}},{"start":{"line":18,"column":61},"end":{"line":18,"column":63}}],"line":18},"1":{"loc":{"start":{"line":27,"column":4},"end":{"line":30,"column":5}},"type":"if","locations":[{"start":{"line":27,"column":4},"end":{"line":30,"column":5}},{"start":{},"end":{}}],"line":27},"2":{"loc":{"start":{"line":40,"column":12},"end":{"line":40,"column":30}},"type":"if","locations":[{"start":{"line":40,"column":12},"end":{"line":40,"column":30}},{"start":{},"end":{}}],"line":40},"3":{"loc":{"start":{"line":54,"column":4},"end":{"line":57,"column":5}},"type":"if","locations":[{"start":{"line":54,"column":4},"end":{"line":57,"column":5}},{"start":{},"end":{}}],"line":54},"4":{"loc":{"start":{"line":54,"column":8},"end":{"line":54,"column":60}},"type":"binary-expr","locations":[{"start":{"line":54,"column":8},"end":{"line":54,"column":24}},{"start":{"line":54,"column":28},"end":{"line":54,"column":40}},{"start":{"line":54,"column":44},"end":{"line":54,"column":60}}],"line":54},"5":{"loc":{"start":{"line":59,"column":4},"end":{"line":62,"column":5}},"type":"if","locations":[{"start":{"line":59,"column":4},"end":{"line":62,"column":5}},{"start":{},"end":{}}],"line":59},"6":{"loc":{"start"
[...]
ne":191,"column":14}},"60":{"start":{"line":193,"column":25},"end":{"line":193,"column":46}},"61":{"start":{"line":195,"column":12},"end":{"line":200,"column":13}},"62":{"start":{"line":196,"column":35},"end":{"line":196,"column":61}},"63":{"start":{"line":197,"column":16},"end":{"line":197,"column":47}},"64":{"start":{"line":198,"column":16},"end":{"line":198,"column":34}},"65":{"start":{"line":199,"column":16},"end":{"line":199,"column":28}},"66":{"start":{"line":202,"column":12},"end":{"line":202,"column":24}},"67":{"start":{"line":205,"column":12},"end":{"line":205,"column":54}},"68":{"start":{"line":206,"column":12},"end":{"line":206,"column":24}},"69":{"start":{"line":214,"column":8},"end":{"line":220,"column":9}},"70":{"start":{"line":215,"column":29},"end":{"line":215,"column":61}},"71":{"start":{"line":216,"column":12},"end":{"line":216,"column":31}},"72":{"start":{"line":218,"column":12},"end":{"line":218,"column":57}},"73":{"start":{"line":219,"column":12},"end":{"line":219,"column":25}},"74":{"start":{"line":224,"column":8},"end":{"line":236,"column":9}},"75":{"start":{"line":225,"column":29},"end":{"line":231,"column":14}},"76":{"start":{"line":232,"column":12},"end":{"line":232,"column":31}},"77":{"start":{"line":234,"column":12},"end":{"line":234,"column":61}},"78":{"start":{"line":235,"column":12},"end":{"line":235,"column":25}}},"fnMap":{"0":{"name":"(anonymous_0)","decl":{"start":{"line":26,"column":4},"end":{"line":26,"column":5}},"loc":{"start":{"line":26,"column":62},"end":{"line":64,"column":5}},"line":26},"1":{"name":"(anonymous_1)","decl":{"start":{"line":69,"column":4},"end":{"line":69,"column":5}},"loc":{"start":{"line":69,"column":67},"end":{"line":106,"column":5}},"line":69},"2":{"name":"(anonymous_2)","decl":{"start":{"line":108,"column":4},"end":{"line":108,"column":5}},"loc":{"start":{"line":108,"column":53},"end":{"line":123,"column":5}},"line":108},"3":{"name":"(anonymous_3)","decl":{"start":{"line":125,"column":4},"end":{"line":125,"column":5}},"loc":{"start":{"line":125,"column":46},"end":{"line":139,"column":5}},"line":125},"4":{"name":"(anonymous_4)","decl":{"start":{"line":141,"column":4},"end":{"line":141,"column":5}},"loc":{"start":{"line":141,"column":43},"end":{"line":160,"column":5}},"line":141},"5":{"name":"(anonymous_5)","decl":{"start":{"line":150,"column":49},"end":{"line":150,"column":50}},"loc":{"start":{"line":150,"column":56},"end":{"line":150,"column":58}},"line":150},"6":{"name":"(anonymous_6)","decl":{"start":{"line":162,"column":4},"end":{"line":162,"column":5}},"loc":{"start":{"line":162,"column":56},"end":{"line":181,"column":5}},"line":162},"7":{"name":"(anonymous_7)","decl":{"start":{"line":171,"column":49},"end":{"line":171,"column":50}},"loc":{"start":{"line":171,"column":56},"end":{"line":171,"column":58}},"line":171},"8":{"name":"(anonymous_8)","decl":{"start":{"line":183,"column":4},"end":{"line":183,"column":5}},"loc":{"start":{"line":183,"column":131},"end":{"line":208,"column":5}},"line":183},"9":{"name":"(anonymous_9)","decl":{"start":{"line":213,"column":4},"end":{"line":213,"column":5}},"loc":{"start":{"line":213,"column":42},"end":{"line":221,"column":5}},"line":213},"10":{"name":"(anonymous_10)","decl":{"start":{"line":223,"column":4},"end":{"line":223,"column":5}},"loc":{"start":{"line":223,"column":80},"end":{"line":237,"column":5}},"line":223}},"branchMap":{"0":{"loc":{"start":{"line":36,"column":12},"end":{"line":38,"column":13}},"type":"if","locations":[{"start":{"line":36,"column":12},"end":{"line":38,"column":13}},{"start":{},"end":{}}],"line":36},"1":{"loc":{"start":{"line":46,"column":12},"end":{"line":51,"column":13}},"type":"if","locations":[{"start":{"line":46,"column":12},"end":{"line":51,"column":13}},{"start":{"line":48,"column":19},"end":{"line":51,"column":13}}],"line":46},"2":{"loc":{"start":{"line":48,"column":19},"end":{"line":51,"column":13}},"type":"if","locations":[{"start":{"line":48,"column":19},"end":{"line":51,"column":13}},{"start":{},"end":{}}],"line":48},"3":{"loc":{"start":{"line":48,"column":23},"end":{"line":48,"column":55}},"type":"binary-expr","locations":[{"start":{"line":48,"column":23},"end":{"line":48,"column":27}},{"start":{"line":48,"column":31},"end":{"line":48,"column":55}}],"line":48},"4":{"loc":{"start":{"line":49,"column":26},"end":{"line":49,"column":41}},"type":"binary-expr","locations":[{"start":{"line":49,"column":26},"end":{"line":49,"column":35}},{"start":{"line":49,"column":39},"end":{"line":49,"column":41}}],"line":49},"5":{"loc":{"start":{"line":50,"column":26},"end":{"line":50,"column":44}},"type":"binary-expr","locations":[{"start":{"line":50,"column":26},"end":{"line":50,"column":38}},{"start":{"line":50,"column":42},"end":{"line":50,"column":44}}],"line":50},"6":{"loc":{"start":{"line":79,"column":12},"end":{"line":81,"column":13}},"type":"if","locations":[{"start":{"line":79,"column":12},"end":{"line":81,"column":13}},{"start":{},"end":{}}],"line":79},"7":{"loc":{"start":{"line":89,"column":12},"end":{"line":94,"column":13}},"type":"if","locations":[{"start":{"line":89,"column":12},"end":{"line":94,"column":13}},{"start":{"line":91,"column":19},"end":{"line":94,"column":13}}],"line":89},"8":{"loc":{"start":{"line":91,"column":19},"end":{"line":94,"column":13}},"type":"if","locations":[{"start":{"line":91,"column":19},"end":{"line":94,"column":13}},{"start":{},"end":{}}],"line":91},"9":{"loc":{"start":{"line":91,"column":23},"end":{"line":91,"column":55}},"type":"binary-expr","locations":[{"start":{"line":91,"column":23},"end":{"line":91,"column":27}},{"start":{"line":91,"column":31},"end":{"line":91,"column":55}}],"line":91},"10":{"loc":{"start":{"line":92,"column":26},"end":{"line":92,"column":41}},"type":"binary-expr","locations":[{"start":{"line":92,"column":26},"end":{"line":92,"column":35}},{"start":{"line":92,"column":39},"end":{"line":92,"column":41}}],"line":92},"11":{"loc":{"start":{"line":93,"column":26},"end":{"line":93,"column":44}},"type":"binary-expr","locations":[{"start":{"line":93,"column":26},"end":{"line":93,"column":38}},{"start":{"line":93,"column":42},"end":{"line":93,"column":44}}],"line":93},"12":{"loc":{"start":{"line":152,"column":8},"end":{"line":157,"column":9}},"type":"if","locations":[{"start":{"line":152,"column":8},"end":{"line":157,"column":9}},{"start":{},"end":{}}],"line":152},"13":{"loc":{"start":{"line":173,"column":8},"end":{"line":178,"column":9}},"type":"if","locations":[{"start":{"line":173,"column":8},"end":{"line":178,"column":9}},{"start":{},"end":{}}],"line":173},"14":{"loc":{"start":{"line":195,"column":12},"end":{"line":200,"column":13}},"type":"if","locations":[{"start":{"line":195,"column":12},"end":{"line":200,"column":13}},{"start":{},"end":{}}],"line":195}},"s":{"0":0,"1":0,"2":0,"3":0,"4":0,"5":0,"6":0,"7":0,"8":0,"9":0,"10":0,"11":0,"12":0,"13":0,"14":0,"15":0,"16":0,"17":0,"18":0,"19":0,"20":0,"21":0,"22":0,"23":0,"24":0,"25":0,"26":0,"27":0,"28":0,"29":0,"30":0,"31":0,"32":0,"33":0,"34":0,"35":0,"36":0,"37":0,"38":0,"39":0,"40":0,"41":0,"42":0,"43":0,"44":0,"45":0,"46":0,"47":0,"48":0,"49":0,"50":0,"51":0,"52":0,"53":0,"54":0,"55":0,"56":0,"57":0,"58":0,"59":0,"60":0,"61":0,"62":0,"63":0,"64":0,"65":0,"66":0,"67":0,"68":0,"69":0,"70":0,"71":0,"72":0,"73":0,"74":0,"75":0,"76":0,"77":0,"78":0},"f":{"0":0,"1":0,"2":0,"3":0,"4":0,"5":0,"6":0,"7":0,"8":0,"9":0,"10":0},"b":{"0":[0,0],"1":[0,0],"2":[0,0],"3":[0,0],"4":[0,0],"5":[0,0],"6":[0,0],"7":[0,0],"8":[0,0],"9":[0,0],"10":[0,0],"11":[0,0],"12":[0,0],"13":[0,0],"14":[0,0]}}
,"C:\\Users\\diego\\Desktop\\CUARTO INFORMATICA\\TFG\\ecos-do-sur-app\\frontend\\utils\\database.ts": {"path":"C:\\Users\\diego\\Desktop\\CUARTO INFORMATICA\\TFG\\ecos-do-sur-app\\frontend\\utils\\database.ts","statementMap":{"0":{"start":{"line":5,"column":27},"end":{"line":5,"column":28}},"1":{"start":{"line":6,"column":15},"end":{"line":6,"column":86}},"2":{"start":{"line":8,"column":25},"end":{"line":8,"column":50}},"3":{"start":{"line":10,"column":2},"end":{"line":12,"column":3}},"4":{"start":{"line":11,"column":4},"end":{"line":11,"column":11}},"5":{"start":{"line":13,"column":2},"end":{"line":35,"column":3}},"6":{"start":{"line":14,"column":4},"end":{"line":32,"column":7}},"7":{"start":{"line":34,"column":4},"end":{"line":34,"column":25}},"8":{"start":{"line":37,"column":2},"end":{"line":37,"column":66}},"9":{"start":{"line":40,"column":23},"end":{"line":43,"column":1}},"10":{"start":{"line":41,"column":20},"end":{"line":41,"column":44}},"11":{"start":{"line":42,"column":2},"end":{"line":42,"column":135}},"12":{"start":{"line":45,"column":24},"end":{"line":52,"column":1}},"13":{"start":{"line":46,"column":2},"end":{"line":51,"column":3}},"14":{"start":{"line":47,"column":4},"end":{"line":47,"column":79}},"15":{"start":{"line":49,"column":4},"end":{"line":49,"column":70}},"16":{"start":{"line":50,"column":4},"end":{"line":50,"column":14}},"17":{"start":{"line":54,"column":26},"end":{"line":67,"column":1}},"18":{"start":{"line":59,"column":2},"end":{"line":66,"column":4}},"19":{"start":{"line":69,"column":27},"end":{"line":92,"column":1}},"20":{"start":{"line":70,"column":15},"end":{"line":77,"column":115}},"21":{"start":{"line":78,"column":2},"end":{"line":91,"column":5}},"22":{"start":{"line":79,"column":23},"end":{"line":83,"column":19}},"23":{"start":{"line":84,"column":4},"end":{"line":90,"column":6}},"24":{"start":{"line":94,"column":31},"end":{"line":100,"column":1}},"25":{"start":{"line":95,"column":2},"end":{"line":99,"column":4}},"26":{"start":{"line":102,"column":23},"end":{"line":104,"column":1}},"27":{"start":{"line":103,"column":2},"end":{"line":103,"column":76}},"28":{"start":{"line":106,"column":30},"end":{"line":114,"column":1}},"29":{"start":{"line":107,"column":2},"end":{"line":113,"column":3}},"30":{"start":{"line":108,"column":4},"end":{"line":108,"column":85}},"31":{"start":{"line":109,"column":4},"end":{"line":109,"column":51}},"32":{"start":{"line":111,"column":4},"end":{"line":111,"column":45}},"33":{"start":{"line":112,"column":4},"end":{"line":112,"column":12}},"34":{"start":{"line":116,"column":30},"end":{"line":123,"column":1}},"35":{"start":{"line":117,"column":2},"end":{"line":122,"column":3}},"36":{"start":{"line":118,"column":4},"end":{"line":118,"column":32}},"37":{"start":{"line":120,"column":4},"end":{"line":120,"column":45}},"38":{"start":{"line":121,"column":4},"end":{"line":121,"column":12}}},"fnMap":{"0":{"name":"migrateDbIfNeeded","decl":{"start":{"line":4,"column":22},"end":{"line":4,"column":39}},"loc":{"start":{"line":4,"column":60},"end":{"line":38,"column":1}},"line":4},"1":{"name":"(anonymous_1)","decl":{"start":{"line":40,"column":23},"end":{"line":40,"column":24}},"loc":{"start":{"line":40,"column":94},"end":{"line":43,"column":1}},"line":40},"2":{"name":"(anonymous_2)","decl":{"start":{"line":45,"column":24},"end":{"line":45,"column":25}},"loc":{"start":{"line":45,"column":54},"end":{"line":52,"column":1}},"line":45},"3":{"name":"(anonymous_3)","decl":{"start":{"line":54,"column":26},"end":{"line":54,"column":27}},"loc":{"start":{"line":58,"column":5},"end":{"line":67,"column":1}},"line":58},"4":{"name":"(anonymous_4)","decl":{"start":{"line":69,"column":27},"end":{"line":69,"column":28}},"loc":{"start":{"line":69,"column":93},"end":{"line":92,"column":1}},"line":69},"5":{"name":"(anonymous_5)","decl":{"start":{"line":78,"column":18},"end":{"line":78,"column":19}},"loc":{"start":{"line":78,"column":27},"end":{"line":91,"column":3}},"line":78},"6":{"name":"(anonymous_6)","decl":{"start":{"line":94,"column":31},"end":{"line":94,"column":32}},"loc":{"start":{"line":94,"column":95},"end":{"line":100,"column":1}},"line":94},"7":{"name":"(anonymous_7)","decl":{"start":{"line":102,"column":23},"end":{"line":102,"column":24}},"loc":{"start":{"line":102,"column":83},"end":{"line":104,"column":1}},"line":102},"8":{"name":"(anonymous_8)","decl":{"start":{"line":106,"column":30},"end":{"line":106,"column":31}},"loc":{"start":{"line":106,"column":60},"end":{"line":114,"column":1}},"line":106},"9":{"name":"(anonymous_9)","decl":{"start":{"line":116,"column":30},"end":{"line":116,"column":31}},"loc":{"start":{"line":116,"column":60},"end":{"line":123,"column":1}},"line":116}},"branchMap":{"0":{"loc":{"start":{"line":8,"column":25},"end":{"line":8,"column":50}},"type":"binary-expr","locations":[{"start":{"line":8,"column":25},"end":{"line":8,"column":45}},{"start":{"line":8,"column":49},"end":{"line":8,"column":50}}],"line":8},"1":{"loc":{"start":{"line":10,"column":2},"end":{"line":12,"column":3}},"type":"if","locations":[{"start":{"line":10,"column":2},"end":{"line":12,"column":3}},{"start":{},"end":{}}],"line":10},"2":{"loc":{"start":{"line":13,"column":2},"end":{"line":35,"column":3}},"type":"if","locations":[{"start":{"line":13,"column":2},"end":{"line":35,"column":3}},{"start":{},"end":{}}],"line":13},"3":{"loc":{"start":{"line":63,"column":4},"end":{"line":63,"column":78}},"type":"cond-expr","locations":[{"start":{"line":63,"column":24},"end":{"line":63,"column":29}},{"start":{"line":63,"column":32},"end":{"line":63,"column":78}}],"line":63},"4":{"loc":{"start":{"line":63,"column":32},"end":{"line":63,"column":78}},"type":"cond-expr","locations":[{"start":{"line":63,"column":58},"end":{"line":63,"column":69}},{"start":{"line":63,"column":72},"end":{"line":63,"column":78}}],"line":63},"5":{"loc":{"start":{"line":64,"column":4},"end":{"line":64,"column":18}},"type":"binary-expr","locations":[{"start":{"line":64,"column":4},"end":{"line":64,"column":12}},{"start":{"line":64,"column":16},"end":{"line":64,"column":18}}],"line":64},"6":{"loc":{"start":{"line":65,"column":4},"end":{"line":65,"column":16}},"type":"binary-expr","locations":[{"start":{"line":65,"column":4},"end":{"line":65,"column":10}},{"start":{"line":65,"column":14},"end":{"line":65,"column":16}}],"line":65},"7":{"loc":{"start":{"line":79,"column":23},"end":{"line":83,"column":19}},"type":"cond-expr","locations":[{"start":{"line":80,"column":8},"end":{"line":80,"column":16}},{"start":{"line":81,"column":8},"end":{"line":83,"column":19}}],"line":79},"8":{"loc":{"start":{"line":81,"column":8},"end":{"line":83,"column":19}},"type":"cond-expr","locations":[{"start":{"line":82,"column":10},"end":{"line":82,"column":24}},{"start":{"line":83,"column":10},"end":{"line":83,"column":19}}],"line":81},"9":{"loc":{"start":{"line":88,"column":16},"end":{"line":88,"column":41}},"type":"binary-expr","locations":[{"start":{"line":88,"column":16},"end":{"line":88,"column":28}},{"start":{"line":88,"column":32},"end":{"line":88,"column":41}}],"line":88},"10":{"loc":{"start":{"line":89,"column":14},"end":{"line":89,"column":37}},"type":"binary-expr","locations":[{"start":{"line":89,"column":14},"end":{"line":89,"column":24}},{"start":{"line":89,"column":28},"end":{"line":89,"column":37}}],"line":89}},"s":{"0":0,"1":0,"2":0,"3":0,"4":0,"5":0,"6":0,"7":0,"8":0,"9":0,"10":0,"11":0,"12":0,"13":0,"14":0,"15":0,"16":0,"17":0,"18":0,"19":0,"20":0,"21":0,"22":0,"23":0,"24":0,"25":0,"26":0,"27":0,"28":0,"29":0,"30":0,"31":0,"32":0,"33":0,"34":0,"35":0,"36":0,"37":0,"38":0},"f":{"0":0,"1":0,"2":0,"3":0,"4":0,"5":0,"6":0,"7":0,"8":0,"9":0},"b":{"0":[0,0],"1":[0,0],"2":[0,0],"3":[0,0],"4":[0,0],"5":[0,0],"6":[0,0],"7":[0,0],"8":[0,0],"9":[0,0],"10":[0,0]}}
,"C:\\Users\\diego\\Desktop\\CUARTO INFORMATICA\\TFG\\ecos-do-sur-app\\frontend\\utils\\interfaces.ts": {"path":"C:\\Users\\diego\\Desktop\\CUARTO INFORMATICA\\TFG\\ecos-do-sur-app\\frontend\\utils\\interfaces.ts","statementMap":{},"fnMap":{},"branchMap":{},"s":{},"f":{},"b":{}}
,"C:\\Users\\diego\\Desktop\\CUARTO INFORMATICA\\TFG\\ecos-do-sur-app\\frontend\\utils\\userService.ts": {"path":"C:\\Users\\diego\\Desktop\\CUARTO INFORMATICA\\TFG\\ecos-do-sur-app\\frontend\\utils\\userService.ts","statementMap":{"0":{"start":{"line":25,"column":8},"end":{"line":38,"column":9}},"1":{"start":{"line":26,"column":29},"end":{"line":32,"column":14}},"2":{"start":{"line":33,"column":12},"end":{"line":33,"column":35}},"3":{"start":{"line":36,"column":12},"end":{"line":36,"column":54}},"4":{"start":{"line":37,"column":12},"end":{"line":37,"column":24}},"5":{"start":{"line":42,"column":8},"end":{"line":54,"column":9}},"6":{"start":{"line":43,"column":29},"end":{"line":48,"column":14}},"7":{"start":{"line":49,"column":12},"end":{"line":49,"column":35}},"8":{"start":{"line":52,"column":12},"end":{"line":52,"column":58}},"9":{"start":{"line":53,"column":12},"end":{"line":53,"column":24}},"10":{"start":{"line":58,"column":8},"end":{"line":74,"column":9}},"11":{"start":{"line":59,"column":34},"end":{"line":59,"column":81}},"12":{"start":{"line":60,"column":29},"end":{"line":68,"column":13}},"13":{"start":{"line":69,"column":12},"end":{"line":69,"column":35}},"14":{"start":{"line":72,"column":12},"end":{"line":72,"column":66}},"15":{"start":{"line":73,"column":12},"end":{"line":73,"column":24}},"16":{"start":{"line":78,"column":8},"end":{"line":99,"column":9}},"17":{"start":{"line":79,"column":29},"end":{"line":86,"column":14}},"18":{"start":{"line":88,"column":12},"end":{"line":92,"column":13}},"19":{"start":{"line":89,"column":29},"end":{"line":89,"column":50}},"20":{"start":{"line":90,"column":16},"end":{"line":90,"column":73}},"21":{"start":{"line":91,"column":16},"end":{"line":91,"column":68}},"22":{"start":{"line":93,"column":12},"end":{"line":93,"column":75}},"23":{"start":{"line":94,"column":12},"end":{"line":94,"column":35}},"24":{"start":{"line":97,"column":12},"end":{"line":97,"column":55}},"25":{"start":{"line":98,"column":12},"end":{"line":98,"column":24}}},"fnMap":{"0":{"name":"(anonymous_0)","decl":{"start":{"line":24,"column":4},"end":{"line":24,"column":5}},"loc":{"start":{"line":24,"column":53},"end":{"line":39,"column":5}},"line":24},"1":{"name":"(anonymous_1)","decl":{"start":{"line":41,"column":4},"end":{"line":41,"column":5}},"loc":{"start":{"line":41,"column":59},"end":{"line":55,"column":5}},"line":41},"2":{"name":"(anonymous_2)","decl":{"start":{"line":57,"column":4},"end":{"line":57,"column":5}},"loc":{"start":{"line":57,"column":119},"end":{"line":75,"column":5}},"line":57},"3":{"name":"(anonymous_3)","decl":{"start":{"line":77,"column":4},"end":{"line":77,"column":5}},"loc":{"start":{"line":77,"column":68},"end":{"line":100,"column":5}},"line":77}},"branchMap":{"0":{"loc":{"start":{"line":41,"column":22},"end":{"line":41,"column":38}},"type":"default-arg","locations":[{"start":{"line":41,"column":37},"end":{"line":41,"column":38}}],"line":41},"1":{"loc":{"start":{"line":41,"column":40},"end":{"line":41,"column":57}},"type":"default-arg","locations":[{"start":{"line":41,"column":56},"end":{"line":41,"column":57}}],"line":41},"2":{"loc":{"start":{"line":57,"column":47},"end":{"line":57,"column":63}},"type":"default-arg","locations":[{"start":{"line":57,"column":62},"end":{"line":57,"column":63}}],"line":57},"3":{"loc":{"start":{"line":57,"column":65},"end":{"line":57,"column":83}},"type":"default-arg","locations":[{"start":{"line":57,"column":81},"end":{"line":57,"column":83}}],"line":57},"4":{"loc":{"start":{"line":57,"column":85},"end":{"line":57,"column":117}},"type":"default-arg","locations":[{"start":{"line":57,"column":112},"end":{"line":57,"column":117}}],"line":57},"5":{"loc":{"start":{"line":59,"column":34},"end":{"line":59,"column":81}},"type":"cond-expr","locations":[{"start":{"line":59,"column":52},"end":{"line":59,"column":76}},{"start":{"line":59,"column":79},"end":{"line":59,"column":81}}],"line":59},"6":{"loc":{"start":{"line":88,"column":12},"end":{"line":92,"column":13}},"type":"if","locations":[{"start":{"line":88,"column":12},"end":{"line":92,"column":13}},{"start":{},"end":{}}],"line":88}},"s":{"0":0,"1":0,"2":0,"3":0,"4":0,"5":0,"6":0,"7":0,"8":0,"9":0,"10":0,"11":0,"12":0,"13":0,"14":0,"15":0,"16":0,"17":0,"18":0,"19":0,"20":0,"21":0,"22":0,"23":0,"24":0,"25":0},"f":{"0":0,"1":0,"2":0,"3":0},"b":{"0":[0],"1":[0],"2":[0],"3":[0],"4":[0],"5":[0,0],"6":[0,0]}}
}
